#
# A fatal error has been detected by the Java Runtime Environment:
#
#  SIGSEGV (0xb) at pc=0x00007fc811f89c40, pid=15024, tid=0x00007fc7c34e7700
#
# JRE version: Java(TM) SE Runtime Environment (8.0_333-b02) (build 1.8.0_333-b02)
# Java VM: Java HotSpot(TM) 64-Bit Server VM (25.333-b02 mixed mode linux-amd64 compressed oops)
# Problematic frame:
# C  [libstdc++.so.6+0x126c40]  std::__cxx11::basic_string<char, std::char_traits<char>, std::allocator<char> >::compare(char const*) const+0x10
#
# Failed to write core dump. Core dumps have been disabled. To enable core dumping, try "ulimit -c unlimited" before starting Java again
#
# If you would like to submit a bug report, please visit:
#   http://bugreport.java.com/bugreport/crash.jsp
#

---------------  T H R E A D  ---------------

Current thread is native thread

siginfo: si_signo: 11 (SIGSEGV), si_code: 1 (SEGV_MAPERR), si_addr: 0x0000000000000028

Registers:
RAX=0x0000000000000000, RBX=0x0000000000000020, RCX=0x000055786da067d0, RDX=0x0000000000000000
RSP=0x00007fc7c34e68a0, RBP=0x00007fc7c34e6ce0, RSI=0x000055786bc25656, RDI=0x0000000000000020
R8 =0x10d4ec2775b2f35a, R9 =0x00007fc7c34e6d78, R10=0x000000000000000a, R11=0x0000000000000000
R12=0x0000000000000020, R13=0x000055786bc25656, R14=0x00007fc7c34e6c80, R15=0x00000000b4eba8c0
RIP=0x00007fc811f89c40, EFLAGS=0x0000000000010206, CSGSFS=0x002b000000000033, ERR=0x0000000000000004
  TRAPNO=0x000000000000000e

Top of Stack: (sp=0x00007fc7c34e68a0)
0x00007fc7c34e68a0:   0000000000000000 0000000000000020
0x00007fc7c34e68b0:   00007fc7c34e6ce0 00007fc7c34e6d60
0x00007fc7c34e68c0:   0000000000000000 000055786bbc6d4a
0x00007fc7c34e68d0:   0000000000000000 0000000000000000
0x00007fc7c34e68e0:   0000000000000000 0000000000000000
0x00007fc7c34e68f0:   0000000000000000 0000000000000000
0x00007fc7c34e6900:   0000000000000000 0000000000000000
0x00007fc7c34e6910:   0000000000000000 0000000000000000
0x00007fc7c34e6920:   0000000000000000 0000000000000000
0x00007fc7c34e6930:   0000000000000000 0000000000000000
0x00007fc7c34e6940:   0000000000000000 0000000000000000
0x00007fc7c34e6950:   0000000000000000 0000000000000000
0x00007fc7c34e6960:   0000000000000000 0000000000000000
0x00007fc7c34e6970:   0000000000000000 0000000000000000
0x00007fc7c34e6980:   3131000000000000 464e9fe61b316f00
0x00007fc7c34e6990:   00007fc7c34e69d0 ffffffffffffffff
0x00007fc7c34e69a0:   000055786eea6422 000055786bb87467
0x00007fc7c34e69b0:   000000000000000b 464e9fe61b316f00
0x00007fc7c34e69c0:   000055786eb317d0 62914dcb4ac34e6e
0x00007fc7c34e69d0:   000055786da06438 000055786bba2bd3
0x00007fc7c34e69e0:   000055786eea6422 0000000000000010
0x00007fc7c34e69f0:   0000000000000003 464e9fe61b316f00
0x00007fc7c34e6a00:   000055786da06f60 0000000000000000
0x00007fc7c34e6a10:   00007fc7c34e6ce0 00007fc7c34e6d60
0x00007fc7c34e6a20:   00007fc7c34e6d40 00007fc7c34e6c80
0x00007fc7c34e6a30:   00000000b4eba8c0 000055786bb8c1bc
0x00007fc7c34e6a40:   0000008400000000 0000000000400000
0x00007fc7c34e6a50:   0000000500000000 00007fc7c34e6d60
0x00007fc7c34e6a60:   0000000000000050 000055786eea6148
0x00007fc7c34e6a70:   0000000000000070 00007fc7c34e6d40
0x00007fc7c34e6a80:   000055786da084d0 464e9fe61b316f00
0x00007fc7c34e6a90:   00007fc7c34e6ad0 00007fc7c34e6ad0 

Instructions: (pc=0x00007fc811f89c40)
0x00007fc811f89c20:   31 c0 48 8d 3d df 7c 01 00 e8 32 29 f6 ff 66 90
0x00007fc811f89c30:   41 55 49 89 f5 41 54 49 89 fc 55 53 48 83 ec 08
0x00007fc811f89c40:   48 8b 5f 08 48 89 f7 e8 04 38 f6 ff 48 39 d8 48
0x00007fc811f89c50:   89 da 48 89 c5 48 0f 46 d0 48 85 d2 74 10 49 8b 

Register to memory mapping:

RAX=0x0000000000000000 is an unknown value
RBX=0x0000000000000020 is an unknown value
RCX=0x000055786da067d0 is an unknown value
RDX=0x0000000000000000 is an unknown value
RSP=0x00007fc7c34e68a0 is an unknown value
RBP=0x00007fc7c34e6ce0 is an unknown value
RSI=0x000055786bc25656: <offset 0xc5656> in ./OECCoordinator at 0x000055786bb60000
RDI=0x0000000000000020 is an unknown value
R8 =0x10d4ec2775b2f35a is an unknown value
R9 =0x00007fc7c34e6d78 is an unknown value
R10=0x000000000000000a is an unknown value
R11=0x0000000000000000 is an unknown value
R12=0x0000000000000020 is an unknown value
R13=0x000055786bc25656: <offset 0xc5656> in ./OECCoordinator at 0x000055786bb60000
R14=0x00007fc7c34e6c80 is an unknown value
R15=0x00000000b4eba8c0 is an unknown value


Stack: [0x00007fc7c2ce8000,0x00007fc7c34e8000],  sp=0x00007fc7c34e68a0,  free space=8186k
Native frames: (J=compiled Java code, j=interpreted, Vv=VM code, C=native code)
C  [libstdc++.so.6+0x126c40]  std::__cxx11::basic_string<char, std::char_traits<char>, std::allocator<char> >::compare(char const*) const+0x10
C  [OECCoordinator+0x3019b]  Coordinator::registerFile(CoorCommand*)+0x12b
C  0x000000000000000b


---------------  P R O C E S S  ---------------

VM state:not at safepoint (normal execution)

VM Mutex/Monitor currently owned by a thread: None

heap address: 0x00000000c2e00000, size: 978 MB, Compressed Oops mode: 32-bit
Narrow klass base: 0x0000000000000000, Narrow klass shift: 3
Compressed class space size: 1073741824 Address: 0x0000000100000000

Heap:
 PSYoungGen      total 66048K, used 23610K [0x00000000eba00000, 0x00000000f4400000, 0x0000000100000000)
  eden space 63488K, 33% used [0x00000000eba00000,0x00000000ece94890,0x00000000ef800000)
  from space 2560K, 99% used [0x00000000ef800000,0x00000000efa7a2e8,0x00000000efa80000)
  to   space 7168K, 0% used [0x00000000f3d00000,0x00000000f3d00000,0x00000000f4400000)
 ParOldGen       total 42496K, used 10666K [0x00000000c2e00000, 0x00000000c5780000, 0x00000000eba00000)
  object space 42496K, 25% used [0x00000000c2e00000,0x00000000c386a918,0x00000000c5780000)
 Metaspace       used 19381K, capacity 19614K, committed 19712K, reserved 1067008K
  class space    used 2202K, capacity 2275K, committed 2304K, reserved 1048576K

Card table byte_map: [0x00007fc80cc6d000,0x00007fc80ce57000] byte_map_base: 0x00007fc80c656000

Marking Bits: (ParMarkBitMap*) 0x00007fc81183d220
 Begin Bits: [0x00007fc806170000, 0x00007fc8070b8000)
 End Bits:   [0x00007fc8070b8000, 0x00007fc808000000)

Polling page: 0x00007fc812edb000

CodeCache: size=245760Kb used=4361Kb max_used=4399Kb free=241398Kb
 bounds [0x00007fc7f1000000, 0x00007fc7f1450000, 0x00007fc800000000]
 total_blobs=1498 nmethods=1115 adapters=297
 compilation: enabled

Compilation events (10 events):
Event: 1.985 Thread 0x000055786dad6000 1095  s    4       java.util.Hashtable::put (104 bytes)
Event: 1.994 Thread 0x000055786dad6000 nmethod 1095 0x00007fc7f143a210 code [0x00007fc7f143a3c0, 0x00007fc7f143ae88]
Event: 1.995 Thread 0x000055786dad6000 1088       4       java.util.concurrent.ConcurrentHashMap::get (162 bytes)
Event: 2.000 Thread 0x000055786dad6000 nmethod 1088 0x00007fc7f1439a50 code [0x00007fc7f1439bc0, 0x00007fc7f1439f78]
Event: 2.000 Thread 0x000055786dad6000 1106       4       java.lang.String::trim (77 bytes)
Event: 2.001 Thread 0x000055786dad6000 nmethod 1106 0x00007fc7f143bad0 code [0x00007fc7f143bc20, 0x00007fc7f143bd68]
Event: 2.001 Thread 0x000055786dad6000 1111       4       org.apache.commons.collections.map.AbstractMapDecorator::get (11 bytes)
Event: 2.004 Thread 0x000055786dad6000 nmethod 1111 0x00007fc7f143cf50 code [0x00007fc7f143d0c0, 0x00007fc7f143d358]
Event: 2.004 Thread 0x000055786dad6000 1113       4       java.lang.Character::toLowerCase (6 bytes)
Event: 2.005 Thread 0x000055786dad6000 nmethod 1113 0x00007fc7f143b750 code [0x00007fc7f143b8a0, 0x00007fc7f143b978]

GC Heap History (10 events):
Event: 0.372 GC heap before
{Heap before GC invocations=1 (full 0):
 PSYoungGen      total 18432K, used 15872K [0x00000000eba00000, 0x00000000ece80000, 0x0000000100000000)
  eden space 15872K, 100% used [0x00000000eba00000,0x00000000ec980000,0x00000000ec980000)
  from space 2560K, 0% used [0x00000000ecc00000,0x00000000ecc00000,0x00000000ece80000)
  to   space 2560K, 0% used [0x00000000ec980000,0x00000000ec980000,0x00000000ecc00000)
 ParOldGen       total 42496K, used 0K [0x00000000c2e00000, 0x00000000c5780000, 0x00000000eba00000)
  object space 42496K, 0% used [0x00000000c2e00000,0x00000000c2e00000,0x00000000c5780000)
 Metaspace       used 5081K, capacity 5460K, committed 5760K, reserved 1056768K
  class space    used 572K, capacity 592K, committed 640K, reserved 1048576K
Event: 0.379 GC heap after
Heap after GC invocations=1 (full 0):
 PSYoungGen      total 18432K, used 2549K [0x00000000eba00000, 0x00000000ede00000, 0x0000000100000000)
  eden space 15872K, 0% used [0x00000000eba00000,0x00000000eba00000,0x00000000ec980000)
  from space 2560K, 99% used [0x00000000ec980000,0x00000000ecbfd588,0x00000000ecc00000)
  to   space 2560K, 0% used [0x00000000edb80000,0x00000000edb80000,0x00000000ede00000)
 ParOldGen       total 42496K, used 305K [0x00000000c2e00000, 0x00000000c5780000, 0x00000000eba00000)
  object space 42496K, 0% used [0x00000000c2e00000,0x00000000c2e4c468,0x00000000c5780000)
 Metaspace       used 5081K, capacity 5460K, committed 5760K, reserved 1056768K
  class space    used 572K, capacity 592K, committed 640K, reserved 1048576K
}
Event: 0.676 GC heap before
{Heap before GC invocations=2 (full 0):
 PSYoungGen      total 18432K, used 18421K [0x00000000eba00000, 0x00000000ede00000, 0x0000000100000000)
  eden space 15872K, 100% used [0x00000000eba00000,0x00000000ec980000,0x00000000ec980000)
  from space 2560K, 99% used [0x00000000ec980000,0x00000000ecbfd588,0x00000000ecc00000)
  to   space 2560K, 0% used [0x00000000edb80000,0x00000000edb80000,0x00000000ede00000)
 ParOldGen       total 42496K, used 305K [0x00000000c2e00000, 0x00000000c5780000, 0x00000000eba00000)
  object space 42496K, 0% used [0x00000000c2e00000,0x00000000c2e4c468,0x00000000c5780000)
 Metaspace       used 8390K, capacity 8574K, committed 8832K, reserved 1056768K
  class space    used 956K, capacity 1027K, committed 1152K, reserved 1048576K
Event: 0.680 GC heap after
Heap after GC invocations=2 (full 0):
 PSYoungGen      total 34304K, used 2532K [0x00000000eba00000, 0x00000000ede00000, 0x0000000100000000)
  eden space 31744K, 0% used [0x00000000eba00000,0x00000000eba00000,0x00000000ed900000)
  from space 2560K, 98% used [0x00000000edb80000,0x00000000eddf9068,0x00000000ede00000)
  to   space 2560K, 0% used [0x00000000ed900000,0x00000000ed900000,0x00000000edb80000)
 ParOldGen       total 42496K, used 1522K [0x00000000c2e00000, 0x00000000c5780000, 0x00000000eba00000)
  object space 42496K, 3% used [0x00000000c2e00000,0x00000000c2f7c850,0x00000000c5780000)
 Metaspace       used 8390K, capacity 8574K, committed 8832K, reserved 1056768K
  class space    used 956K, capacity 1027K, committed 1152K, reserved 1048576K
}
Event: 1.022 GC heap before
{Heap before GC invocations=3 (full 0):
 PSYoungGen      total 34304K, used 34276K [0x00000000eba00000, 0x00000000ede00000, 0x0000000100000000)
  eden space 31744K, 100% used [0x00000000eba00000,0x00000000ed900000,0x00000000ed900000)
  from space 2560K, 98% used [0x00000000edb80000,0x00000000eddf9068,0x00000000ede00000)
  to   space 2560K, 0% used [0x00000000ed900000,0x00000000ed900000,0x00000000edb80000)
 ParOldGen       total 42496K, used 1522K [0x00000000c2e00000, 0x00000000c5780000, 0x00000000eba00000)
  object space 42496K, 3% used [0x00000000c2e00000,0x00000000c2f7c850,0x00000000c5780000)
 Metaspace       used 12835K, capacity 13022K, committed 13056K, reserved 1060864K
  class space    used 1448K, capacity 1507K, committed 1536K, reserved 1048576K
Event: 1.029 GC heap after
Heap after GC invocations=3 (full 0):
 PSYoungGen      total 34304K, used 2552K [0x00000000eba00000, 0x00000000efd00000, 0x0000000100000000)
  eden space 31744K, 0% used [0x00000000eba00000,0x00000000eba00000,0x00000000ed900000)
  from space 2560K, 99% used [0x00000000ed900000,0x00000000edb7e2b8,0x00000000edb80000)
  to   space 2560K, 0% used [0x00000000efa80000,0x00000000efa80000,0x00000000efd00000)
 ParOldGen       total 42496K, used 5510K [0x00000000c2e00000, 0x00000000c5780000, 0x00000000eba00000)
  object space 42496K, 12% used [0x00000000c2e00000,0x00000000c3361a50,0x00000000c5780000)
 Metaspace       used 12835K, capacity 13022K, committed 13056K, reserved 1060864K
  class space    used 1448K, capacity 1507K, committed 1536K, reserved 1048576K
}
Event: 1.182 GC heap before
{Heap before GC invocations=4 (full 0):
 PSYoungGen      total 34304K, used 34296K [0x00000000eba00000, 0x00000000efd00000, 0x0000000100000000)
  eden space 31744K, 100% used [0x00000000eba00000,0x00000000ed900000,0x00000000ed900000)
  from space 2560K, 99% used [0x00000000ed900000,0x00000000edb7e2b8,0x00000000edb80000)
  to   space 2560K, 0% used [0x00000000efa80000,0x00000000efa80000,0x00000000efd00000)
 ParOldGen       total 42496K, used 5510K [0x00000000c2e00000, 0x00000000c5780000, 0x00000000eba00000)
  object space 42496K, 12% used [0x00000000c2e00000,0x00000000c3361a50,0x00000000c5780000)
 Metaspace       used 15149K, capacity 15326K, committed 15360K, reserved 1062912K
  class space    used 1694K, capacity 1763K, committed 1792K, reserved 1048576K
Event: 1.188 GC heap after
Heap after GC invocations=4 (full 0):
 PSYoungGen      total 66048K, used 2536K [0x00000000eba00000, 0x00000000efd00000, 0x0000000100000000)
  eden space 63488K, 0% used [0x00000000eba00000,0x00000000eba00000,0x00000000ef800000)
  from space 2560K, 99% used [0x00000000efa80000,0x00000000efcfa2c8,0x00000000efd00000)
  to   space 2560K, 0% used [0x00000000ef800000,0x00000000ef800000,0x00000000efa80000)
 ParOldGen       total 42496K, used 7702K [0x00000000c2e00000, 0x00000000c5780000, 0x00000000eba00000)
  object space 42496K, 18% used [0x00000000c2e00000,0x00000000c3585888,0x00000000c5780000)
 Metaspace       used 15149K, capacity 15326K, committed 15360K, reserved 1062912K
  class space    used 1694K, capacity 1763K, committed 1792K, reserved 1048576K
}
Event: 1.432 GC heap before
{Heap before GC invocations=5 (full 0):
 PSYoungGen      total 66048K, used 66024K [0x00000000eba00000, 0x00000000efd00000, 0x0000000100000000)
  eden space 63488K, 100% used [0x00000000eba00000,0x00000000ef800000,0x00000000ef800000)
  from space 2560K, 99% used [0x00000000efa80000,0x00000000efcfa2c8,0x00000000efd00000)
  to   space 2560K, 0% used [0x00000000ef800000,0x00000000ef800000,0x00000000efa80000)
 ParOldGen       total 42496K, used 7702K [0x00000000c2e00000, 0x00000000c5780000, 0x00000000eba00000)
  object space 42496K, 18% used [0x00000000c2e00000,0x00000000c3585888,0x00000000c5780000)
 Metaspace       used 18211K, capacity 18462K, committed 18560K, reserved 1064960K
  class space    used 2064K, capacity 2147K, committed 2176K, reserved 1048576K
Event: 1.438 GC heap after
Heap after GC invocations=5 (full 0):
 PSYoungGen      total 66048K, used 2536K [0x00000000eba00000, 0x00000000f4400000, 0x0000000100000000)
  eden space 63488K, 0% used [0x00000000eba00000,0x00000000eba00000,0x00000000ef800000)
  from space 2560K, 99% used [0x00000000ef800000,0x00000000efa7a2e8,0x00000000efa80000)
  to   space 7168K, 0% used [0x00000000f3d00000,0x00000000f3d00000,0x00000000f4400000)
 ParOldGen       total 42496K, used 10666K [0x00000000c2e00000, 0x00000000c5780000, 0x00000000eba00000)
  object space 42496K, 25% used [0x00000000c2e00000,0x00000000c386a918,0x00000000c5780000)
 Metaspace       used 18211K, capacity 18462K, committed 18560K, reserved 1064960K
  class space    used 2064K, capacity 2147K, committed 2176K, reserved 1048576K
}

Deoptimization events (6 events):
Event: 0.118 Thread 0x000055786da28800 Uncommon trap: reason=unstable_if action=reinterpret pc=0x00007fc7f110d574 method=java.lang.String.indexOf(II)I @ 49
Event: 0.131 Thread 0x000055786da28800 Uncommon trap: reason=unstable_if action=reinterpret pc=0x00007fc7f1115904 method=java.lang.String.hashCode()I @ 14
Event: 0.172 Thread 0x000055786da28800 Uncommon trap: reason=unstable_if action=reinterpret pc=0x00007fc7f116e5e8 method=java.lang.String.startsWith(Ljava/lang/String;I)Z @ 25
Event: 0.239 Thread 0x000055786da28800 Uncommon trap: reason=unstable_if action=reinterpret pc=0x00007fc7f1160bb8 method=java.lang.String.indexOf([CII[CIII)I @ 134
Event: 0.623 Thread 0x000055786da28800 Uncommon trap: reason=unstable_if action=reinterpret pc=0x00007fc7f126c80c method=java.lang.String.replace(CC)Ljava/lang/String; @ 26
Event: 1.014 Thread 0x000055786da28800 Uncommon trap: reason=unstable_if action=reinterpret pc=0x00007fc7f12cef38 method=sun.misc.MetaIndex.mayContain(Ljava/lang/String;)Z @ 38

Classes redefined (0 events):
No events

Internal exceptions (10 events):
Event: 0.261 Thread 0x000055786da28800 Exception <a 'java/lang/ClassNotFoundException': org/apache/log4j/LayoutCustomizer> (0x00000000ec42fcb0) thrown at [/scratch/jenkins/workspace/8-2-build-linux-amd64/jdk8u333/2551/hotspot/src/share/vm/classfile/systemDictionary.cpp, line 212]
Event: 0.265 Thread 0x000055786da28800 Exception <a 'java/lang/ClassNotFoundException': org/apache/log4j/PatternLayoutCustomizer> (0x00000000ec47ac88) thrown at [/scratch/jenkins/workspace/8-2-build-linux-amd64/jdk8u333/2551/hotspot/src/share/vm/classfile/systemDictionary.cpp, line 212]
Event: 0.284 Thread 0x000055786da28800 Exception <a 'java/lang/ClassNotFoundException': org/apache/log4j/ConsoleAppenderBeanInfo> (0x00000000ec4f5db0) thrown at [/scratch/jenkins/workspace/8-2-build-linux-amd64/jdk8u333/2551/hotspot/src/share/vm/classfile/systemDictionary.cpp, line 212]
Event: 0.285 Thread 0x000055786da28800 Exception <a 'java/lang/ClassNotFoundException': org/apache/log4j/WriterAppenderBeanInfo> (0x00000000ec529910) thrown at [/scratch/jenkins/workspace/8-2-build-linux-amd64/jdk8u333/2551/hotspot/src/share/vm/classfile/systemDictionary.cpp, line 212]
Event: 0.285 Thread 0x000055786da28800 Exception <a 'java/lang/ClassNotFoundException': org/apache/log4j/AppenderSkeletonBeanInfo> (0x00000000ec55e6a8) thrown at [/scratch/jenkins/workspace/8-2-build-linux-amd64/jdk8u333/2551/hotspot/src/share/vm/classfile/systemDictionary.cpp, line 212]
Event: 0.286 Thread 0x000055786da28800 Exception <a 'java/lang/ClassNotFoundException': org/apache/log4j/AppenderSkeletonCustomizer> (0x00000000ec5967a0) thrown at [/scratch/jenkins/workspace/8-2-build-linux-amd64/jdk8u333/2551/hotspot/src/share/vm/classfile/systemDictionary.cpp, line 212]
Event: 0.289 Thread 0x000055786da28800 Exception <a 'java/lang/ClassNotFoundException': org/apache/log4j/WriterAppenderCustomizer> (0x00000000ec5e3f20) thrown at [/scratch/jenkins/workspace/8-2-build-linux-amd64/jdk8u333/2551/hotspot/src/share/vm/classfile/systemDictionary.cpp, line 212]
Event: 0.296 Thread 0x000055786da28800 Exception <a 'java/lang/ClassNotFoundException': org/apache/log4j/ConsoleAppenderCustomizer> (0x00000000ec6253b0) thrown at [/scratch/jenkins/workspace/8-2-build-linux-amd64/jdk8u333/2551/hotspot/src/share/vm/classfile/systemDictionary.cpp, line 212]
Event: 0.592 Thread 0x000055786da28800 Exception <a 'java/lang/NoSuchFieldError': method resolution failed> (0x00000000ec649290) thrown at [/scratch/jenkins/workspace/8-2-build-linux-amd64/jdk8u333/2551/hotspot/src/share/vm/prims/methodHandles.cpp, line 1169]
Event: 0.594 Thread 0x000055786da28800 Exception <a 'java/lang/NoSuchFieldError': method resolution failed> (0x00000000ec6569e0) thrown at [/scratch/jenkins/workspace/8-2-build-linux-amd64/jdk8u333/2551/hotspot/src/share/vm/prims/methodHandles.cpp, line 1169]

Events (10 events):
Event: 1.522 loading class org/apache/hadoop/util/ShutdownHookManager$HookEntry done
Event: 1.547 Thread 0x000055786da28800 DEOPT PACKING pc=0x00007fc7f12acfaa sp=0x00007fffb4a356e0
Event: 1.547 Thread 0x000055786da28800 DEOPT UNPACKING pc=0x00007fc7f1047804 sp=0x00007fffb4a35480 mode 0
Event: 1.692 Thread 0x000055786da28800 DEOPT PACKING pc=0x00007fc7f13c4480 sp=0x00007fffb4a35500
Event: 1.692 Thread 0x000055786da28800 DEOPT UNPACKING pc=0x00007fc7f1047804 sp=0x00007fffb4a352a0 mode 0
Event: 1.779 Thread 0x000055786da28800 DEOPT PACKING pc=0x00007fc7f11fc1b0 sp=0x00007fffb4a353e0
Event: 1.779 Thread 0x000055786da28800 DEOPT UNPACKING pc=0x00007fc7f1047804 sp=0x00007fffb4a35158 mode 0
Event: 4.131 Executing VM operation: EnableBiasedLocking
Event: 4.131 Executing VM operation: EnableBiasedLocking done
Event: 60.634 Thread 0x000055786eb36000 Thread exited: 0x000055786eb36000


Dynamic libraries:
c2e00000-c5780000 rw-p 00000000 00:00 0 
c5780000-eba00000 ---p 00000000 00:00 0 
eba00000-f4400000 rw-p 00000000 00:00 0 
f4400000-100000000 ---p 00000000 00:00 0 
100000000-100240000 rw-p 00000000 00:00 0 
100240000-140000000 ---p 00000000 00:00 0 
55786bb60000-55786bc3e000 r-xp 00000000 08:01 918434                     /home/openec/Fast23/storage/OECCoordinator
55786be3d000-55786be3f000 r--p 000dd000 08:01 918434                     /home/openec/Fast23/storage/OECCoordinator
55786be3f000-55786be40000 rw-p 000df000 08:01 918434                     /home/openec/Fast23/storage/OECCoordinator
55786d9e1000-55786eee0000 rw-p 00000000 00:00 0                          [heap]
7fc7b5ffc000-7fc7b5ffd000 ---p 00000000 00:00 0 
7fc7b5ffd000-7fc7b67fd000 rw-p 00000000 00:00 0 
7fc7b67fd000-7fc7b67fe000 ---p 00000000 00:00 0 
7fc7b67fe000-7fc7b6ffe000 rw-p 00000000 00:00 0 
7fc7b6ffe000-7fc7b6fff000 ---p 00000000 00:00 0 
7fc7b6fff000-7fc7b77ff000 rw-p 00000000 00:00 0 
7fc7b77ff000-7fc7b7800000 ---p 00000000 00:00 0 
7fc7b7800000-7fc7b8000000 rw-p 00000000 00:00 0 
7fc7b8000000-7fc7b8021000 rw-p 00000000 00:00 0 
7fc7b8021000-7fc7bc000000 ---p 00000000 00:00 0 
7fc7bc000000-7fc7bc021000 rw-p 00000000 00:00 0 
7fc7bc021000-7fc7c0000000 ---p 00000000 00:00 0 
7fc7c04e2000-7fc7c04e3000 ---p 00000000 00:00 0 
7fc7c04e3000-7fc7c0ce3000 rw-p 00000000 00:00 0 
7fc7c0ce3000-7fc7c0ce4000 ---p 00000000 00:00 0 
7fc7c0ce4000-7fc7c14e4000 rw-p 00000000 00:00 0 
7fc7c14e4000-7fc7c14e5000 ---p 00000000 00:00 0 
7fc7c14e5000-7fc7c1ce5000 rw-p 00000000 00:00 0 
7fc7c1ce5000-7fc7c1ce6000 ---p 00000000 00:00 0 
7fc7c1ce6000-7fc7c24e6000 rw-p 00000000 00:00 0 
7fc7c24e6000-7fc7c24e7000 ---p 00000000 00:00 0 
7fc7c24e7000-7fc7c2ce7000 rw-p 00000000 00:00 0 
7fc7c2ce7000-7fc7c2ce8000 ---p 00000000 00:00 0 
7fc7c2ce8000-7fc7c34e8000 rw-p 00000000 00:00 0 
7fc7c34e8000-7fc7c34eb000 ---p 00000000 00:00 0 
7fc7c34eb000-7fc7c36e9000 rw-p 00000000 00:00 0 
7fc7c36e9000-7fc7c37e9000 ---p 00000000 00:00 0 
7fc7c37e9000-7fc7c39e9000 rw-p 00000000 00:00 0 
7fc7c39e9000-7fc7c3be9000 rw-p 00000000 00:00 0 
7fc7c3be9000-7fc7c3bff000 r-xp 00000000 08:01 1203813                    /usr/lib/jvm/jdk1.8.0_333/jre/lib/amd64/libnet.so
7fc7c3bff000-7fc7c3dfe000 ---p 00016000 08:01 1203813                    /usr/lib/jvm/jdk1.8.0_333/jre/lib/amd64/libnet.so
7fc7c3dfe000-7fc7c3dff000 r--p 00015000 08:01 1203813                    /usr/lib/jvm/jdk1.8.0_333/jre/lib/amd64/libnet.so
7fc7c3dff000-7fc7c3e00000 rw-p 00016000 08:01 1203813                    /usr/lib/jvm/jdk1.8.0_333/jre/lib/amd64/libnet.so
7fc7c3e00000-7fc7c4000000 rw-p 00000000 00:00 0 
7fc7c4000000-7fc7c4021000 rw-p 00000000 00:00 0 
7fc7c4021000-7fc7c8000000 ---p 00000000 00:00 0 
7fc7c8000000-7fc7c8021000 rw-p 00000000 00:00 0 
7fc7c8021000-7fc7cc000000 ---p 00000000 00:00 0 
7fc7cc000000-7fc7cc453000 rw-p 00000000 00:00 0 
7fc7cc453000-7fc7d0000000 ---p 00000000 00:00 0 
7fc7d0000000-7fc7d0021000 rw-p 00000000 00:00 0 
7fc7d0021000-7fc7d4000000 ---p 00000000 00:00 0 
7fc7d4000000-7fc7d4021000 rw-p 00000000 00:00 0 
7fc7d4021000-7fc7d8000000 ---p 00000000 00:00 0 
7fc7d8000000-7fc7d94d2000 rw-p 00000000 00:00 0 
7fc7d94d2000-7fc7dc000000 ---p 00000000 00:00 0 
7fc7dc000000-7fc7dc021000 rw-p 00000000 00:00 0 
7fc7dc021000-7fc7e0000000 ---p 00000000 00:00 0 
7fc7e0000000-7fc7e0021000 rw-p 00000000 00:00 0 
7fc7e0021000-7fc7e4000000 ---p 00000000 00:00 0 
7fc7e4000000-7fc7e4021000 rw-p 00000000 00:00 0 
7fc7e4021000-7fc7e8000000 ---p 00000000 00:00 0 
7fc7e8000000-7fc7e8021000 rw-p 00000000 00:00 0 
7fc7e8021000-7fc7ec000000 ---p 00000000 00:00 0 
7fc7ec000000-7fc7ec021000 rw-p 00000000 00:00 0 
7fc7ec021000-7fc7f0000000 ---p 00000000 00:00 0 
7fc7f0013000-7fc7f0017000 r--s 00044000 08:01 1203951                    /usr/lib/jvm/jdk1.8.0_333/jre/lib/ext/sunpkcs11.jar
7fc7f0017000-7fc7f0019000 r--s 00009000 08:01 1203949                    /usr/lib/jvm/jdk1.8.0_333/jre/lib/ext/sunec.jar
7fc7f0019000-7fc7f001c000 r--s 0001b000 08:01 1203958                    /usr/lib/jvm/jdk1.8.0_333/jre/lib/jce.jar
7fc7f001c000-7fc7f002d000 r--s 001c8000 08:01 1203963                    /usr/lib/jvm/jdk1.8.0_333/jre/lib/jsse.jar
7fc7f002d000-7fc7f002e000 r-xp 00000000 08:01 1203810                    /usr/lib/jvm/jdk1.8.0_333/jre/lib/amd64/libjaas_unix.so
7fc7f002e000-7fc7f022d000 ---p 00001000 08:01 1203810                    /usr/lib/jvm/jdk1.8.0_333/jre/lib/amd64/libjaas_unix.so
7fc7f022d000-7fc7f022e000 r--p 00000000 08:01 1203810                    /usr/lib/jvm/jdk1.8.0_333/jre/lib/amd64/libjaas_unix.so
7fc7f022e000-7fc7f022f000 rw-p 00001000 08:01 1203810                    /usr/lib/jvm/jdk1.8.0_333/jre/lib/amd64/libjaas_unix.so
7fc7f022f000-7fc7f042f000 rw-p 00000000 00:00 0 
7fc7f042f000-7fc7f0451000 r-xp 00000000 08:01 555901                     /home/openec/hadoop-3.0.0-src/hadoop-dist/target/hadoop-3.0.0/lib/native/libhadoop.so
7fc7f0451000-7fc7f0650000 ---p 00022000 08:01 555901                     /home/openec/hadoop-3.0.0-src/hadoop-dist/target/hadoop-3.0.0/lib/native/libhadoop.so
7fc7f0650000-7fc7f0651000 r--p 00021000 08:01 555901                     /home/openec/hadoop-3.0.0-src/hadoop-dist/target/hadoop-3.0.0/lib/native/libhadoop.so
7fc7f0651000-7fc7f0652000 rw-p 00022000 08:01 555901                     /home/openec/hadoop-3.0.0-src/hadoop-dist/target/hadoop-3.0.0/lib/native/libhadoop.so
7fc7f0652000-7fc7f0655000 ---p 00000000 00:00 0 
7fc7f0655000-7fc7f0753000 rw-p 00000000 00:00 0 
7fc7f0753000-7fc7f0756000 ---p 00000000 00:00 0 
7fc7f0756000-7fc7f078c000 rw-p 00000000 00:00 0 
7fc7f078c000-7fc7f0795000 r-xp 00000000 08:01 1203819                    /usr/lib/jvm/jdk1.8.0_333/jre/lib/amd64/libmanagement.so
7fc7f0795000-7fc7f0994000 ---p 00009000 08:01 1203819                    /usr/lib/jvm/jdk1.8.0_333/jre/lib/amd64/libmanagement.so
7fc7f0994000-7fc7f0995000 r--p 00008000 08:01 1203819                    /usr/lib/jvm/jdk1.8.0_333/jre/lib/amd64/libmanagement.so
7fc7f0995000-7fc7f0996000 rw-p 00009000 08:01 1203819                    /usr/lib/jvm/jdk1.8.0_333/jre/lib/amd64/libmanagement.so
7fc7f0996000-7fc7f0a0f000 r--s 010ff000 08:01 411023                     /usr/lib/jvm/jdk1.8.0_333/lib/tools.jar
7fc7f0a0f000-7fc7f0a40000 r--s 00223000 08:01 411021                     /usr/lib/jvm/jdk1.8.0_333/lib/sa-jdi.jar
7fc7f0a40000-7fc7f0a42000 r--s 00000000 08:01 411590                     /usr/lib/jvm/jdk1.8.0_333/lib/packager.jar
7fc7f0a42000-7fc7f0a49000 r--s 0005e000 08:01 411020                     /usr/lib/jvm/jdk1.8.0_333/lib/jconsole.jar
7fc7f0a49000-7fc7f0a4a000 r--s 00008000 08:01 411589                     /usr/lib/jvm/jdk1.8.0_333/lib/javafx-mx.jar
7fc7f0a4a000-7fc7f0a50000 r--s 00022000 08:01 411022                     /usr/lib/jvm/jdk1.8.0_333/lib/dt.jar
7fc7f0a50000-7fc7f0bd5000 r--s 01010000 08:01 411024                     /usr/lib/jvm/jdk1.8.0_333/lib/ct.sym
7fc7f0bd5000-7fc7f0bdb000 r--s 00484000 08:01 411588                     /usr/lib/jvm/jdk1.8.0_333/lib/ant-javafx.jar
7fc7f0bdb000-7fc7f0bdc000 r--s 00001000 08:01 1215545                    /home/openec/hadoop-3.0.0-src/oeclib/oec-fs-protocol.jar
7fc7f0bdc000-7fc7f0be8000 r--s 0007e000 08:01 1215542                    /home/openec/hadoop-3.0.0-src/oeclib/jedis-3.0.0-SNAPSHOT.jar
7fc7f0be8000-7fc7f0bec000 r--s 00044000 08:01 1215544                    /home/openec/hadoop-3.0.0-src/oeclib/commons-pool2-2.4.2-javadoc.jar
7fc7f0bec000-7fc7f0bef000 r--s 00019000 08:01 1215543                    /home/openec/hadoop-3.0.0-src/oeclib/commons-pool2-2.4.2.jar
7fc7f0bef000-7fc7f0bf4000 r--s 00037000 08:01 678104                     /home/openec/hadoop-3.0.0-src/hadoop-dist/target/hadoop-3.0.0/share/hadoop/yarn/hadoop-yarn-server-timelineservice-hbase-3.0.0.jar
7fc7f0bf4000-7fc7f0bf5000 r--s 0000d000 08:01 678025                     /home/openec/hadoop-3.0.0-src/hadoop-dist/target/hadoop-3.0.0/share/hadoop/yarn/hadoop-yarn-applications-unmanaged-am-launcher-3.0.0.jar
7fc7f0bf5000-7fc7f0bf6000 r--s 0000a000 08:01 678108                     /home/openec/hadoop-3.0.0-src/hadoop-dist/target/hadoop-3.0.0/share/hadoop/yarn/hadoop-yarn-server-timelineservice-hbase-tests-3.0.0.jar
7fc7f0bf6000-7fc7f0bf7000 r--s 0000a000 08:01 678106                     /home/openec/hadoop-3.0.0-src/hadoop-dist/target/hadoop-3.0.0/share/hadoop/yarn/hadoop-yarn-server-tests-3.0.0.jar
7fc7f0bf7000-7fc7f0c0c000 r--s 000fe000 08:01 678101                     /home/openec/hadoop-3.0.0-src/hadoop-dist/target/hadoop-3.0.0/share/hadoop/yarn/hadoop-yarn-server-nodemanager-3.0.0.jar
7fc7f0c0c000-7fc7f0c2e000 r--s 0027b000 08:01 678027                     /home/openec/hadoop-3.0.0-src/hadoop-dist/target/hadoop-3.0.0/share/hadoop/yarn/hadoop-yarn-common-3.0.0.jar
7fc7f0c2e000-7fc7f0c32000 r--s 0002f000 08:01 678102                     /home/openec/hadoop-3.0.0-src/hadoop-dist/target/hadoop-3.0.0/share/hadoop/yarn/hadoop-yarn-server-timelineservice-3.0.0.jar
7fc7f0c32000-7fc7f0c35000 r--s 00022000 08:01 678103                     /home/openec/hadoop-3.0.0-src/hadoop-dist/target/hadoop-3.0.0/share/hadoop/yarn/hadoop-yarn-server-router-3.0.0.jar
7fc7f0c35000-7fc7f0c5c000 r--s 00291000 08:01 678072                     /home/openec/hadoop-3.0.0-src/hadoop-dist/target/hadoop-3.0.0/share/hadoop/yarn/hadoop-yarn-api-3.0.0.jar
7fc7f0c5c000-7fc7f0c60000 r--s 00043000 08:01 678096                     /home/openec/hadoop-3.0.0-src/hadoop-dist/target/hadoop-3.0.0/share/hadoop/yarn/hadoop-yarn-client-3.0.0.jar
7fc7f0c60000-7fc7f0c7f000 r--s 001c1000 08:01 678105                     /home/openec/hadoop-3.0.0-src/hadoop-dist/target/hadoop-3.0.0/share/hadoop/yarn/hadoop-yarn-server-resourcemanager-3.0.0.jar
7fc7f0c7f000-7fc7f0c81000 r--s 00016000 08:01 678026                     /home/openec/hadoop-3.0.0-src/hadoop-dist/target/hadoop-3.0.0/share/hadoop/yarn/hadoop-yarn-applications-distributedshell-3.0.0.jar
7fc7f0c81000-7fc7f0c83000 r--s 00015000 08:01 678100                     /home/openec/hadoop-3.0.0-src/hadoop-dist/target/hadoop-3.0.0/share/hadoop/yarn/hadoop-yarn-server-sharedcachemanager-3.0.0.jar
7fc7f0c83000-7fc7f0c85000 r--s 00012000 08:01 678071                     /home/openec/hadoop-3.0.0-src/hadoop-dist/target/hadoop-3.0.0/share/hadoop/yarn/hadoop-yarn-server-web-proxy-3.0.0.jar
7fc7f0c85000-7fc7f0c87000 r--s 00015000 08:01 678107                     /home/openec/hadoop-3.0.0-src/hadoop-dist/target/hadoop-3.0.0/share/hadoop/yarn/hadoop-yarn-server-timeline-pluginstorage-3.0.0.jar
7fc7f0c87000-7fc7f0c8c000 r--s 00043000 08:01 678098                     /home/openec/hadoop-3.0.0-src/hadoop-dist/target/hadoop-3.0.0/share/hadoop/yarn/hadoop-yarn-server-applicationhistoryservice-3.0.0.jar
7fc7f0c8c000-7fc7f0c8f000 r--s 00021000 08:01 678099                     /home/openec/hadoop-3.0.0-src/hadoop-dist/target/hadoop-3.0.0/share/hadoop/yarn/hadoop-yarn-registry-3.0.0.jar
7fc7f0c8f000-7fc7f0ca5000 r--s 0012c000 08:01 678097                     /home/openec/hadoop-3.0.0-src/hadoop-dist/target/hadoop-3.0.0/share/hadoop/yarn/hadoop-yarn-server-common-3.0.0.jar
7fc7f0ca5000-7fc7f0ccb000 r--s 00180000 08:01 678048                     /home/openec/hadoop-3.0.0-src/hadoop-dist/target/hadoop-3.0.0/share/hadoop/yarn/lib/ehcache-3.3.1.jar
7fc7f0ccb000-7fc7f0cd2000 r--s 00058000 08:01 678043                     /home/openec/hadoop-3.0.0-src/hadoop-dist/target/hadoop-3.0.0/share/hadoop/yarn/lib/fst-2.50.jar
7fc7f0cd2000-7fc7f0cd4000 r--s 00004000 08:01 678061                     /home/openec/hadoop-3.0.0-src/hadoop-dist/target/hadoop-3.0.0/share/hadoop/yarn/lib/hbase-annotations-1.2.6.jar
7fc7f0cd4000-7fc7f0ce6000 r--s 0012d000 08:01 678055                     /home/openec/hadoop-3.0.0-src/hadoop-dist/target/hadoop-3.0.0/share/hadoop/yarn/lib/hbase-client-1.2.6.jar
7fc7f0ce6000-7fc7f0cff000 r--s 00150000 08:01 678040                     /home/openec/hadoop-3.0.0-src/hadoop-dist/target/hadoop-3.0.0/share/hadoop/yarn/lib/htrace-core-3.1.0-incubating.jar
7fc7f0cff000-7fc7f0d0d000 r--s 00096000 08:01 678070                     /home/openec/hadoop-3.0.0-src/hadoop-dist/target/hadoop-3.0.0/share/hadoop/yarn/lib/guice-4.0.jar
7fc7f0d0d000-7fc7f0d0f000 r--s 00011000 08:01 678046                     /home/openec/hadoop-3.0.0-src/hadoop-dist/target/hadoop-3.0.0/share/hadoop/yarn/lib/guice-servlet-4.0.jar
7fc7f0d0f000-7fc7f0d12000 r--s 00012000 08:01 678054                     /home/openec/hadoop-3.0.0-src/hadoop-dist/target/hadoop-3.0.0/share/hadoop/yarn/lib/metrics-core-2.2.0.jar
7fc7f0d12000-7fc7f0d15000 r--s 0001e000 08:01 678038                     /home/openec/hadoop-3.0.0-src/hadoop-dist/target/hadoop-3.0.0/share/hadoop/yarn/lib/servlet-api-2.5-6.1.14.jar
7fc7f0d15000-7fc7f0d18000 r--s 00011000 08:01 678063                     /home/openec/hadoop-3.0.0-src/hadoop-dist/target/hadoop-3.0.0/share/hadoop/yarn/lib/disruptor-3.3.0.jar
7fc7f0d18000-7fc7f0d1a000 r--s 00006000 08:01 678052                     /home/openec/hadoop-3.0.0-src/hadoop-dist/target/hadoop-3.0.0/share/hadoop/yarn/lib/jackson-jaxrs-base-2.7.8.jar
7fc7f0d1a000-7fc7f0d1c000 r--s 00000000 08:01 678060                     /home/openec/hadoop-3.0.0-src/hadoop-dist/target/hadoop-3.0.0/share/hadoop/yarn/lib/aopalliance-1.0.jar
7fc7f0d1c000-7fc7f0d1e000 r--s 00017000 08:01 678068                     /home/openec/hadoop-3.0.0-src/hadoop-dist/target/hadoop-3.0.0/share/hadoop/yarn/lib/hbase-prefix-tree-1.2.6.jar
7fc7f0d1e000-7fc7f0d27000 r--s 00133000 08:01 678066                     /home/openec/hadoop-3.0.0-src/hadoop-dist/target/hadoop-3.0.0/share/hadoop/yarn/lib/jcodings-1.0.8.jar
7fc7f0d27000-7fc7f0d2d000 r--s 00045000 08:01 678030                     /home/openec/hadoop-3.0.0-src/hadoop-dist/target/hadoop-3.0.0/share/hadoop/yarn/lib/commons-httpclient-3.1.jar
7fc7f0d2d000-7fc7f0d2f000 r--s 00007000 08:01 678031                     /home/openec/hadoop-3.0.0-src/hadoop-dist/target/hadoop-3.0.0/share/hadoop/yarn/lib/commons-csv-1.0.jar
7fc7f0d2f000-7fc7f0d32000 r--s 00019000 08:01 678069                     /home/openec/hadoop-3.0.0-src/hadoop-dist/target/hadoop-3.0.0/share/hadoop/yarn/lib/commons-el-1.0.jar
7fc7f0d32000-7fc7f0d34000 r--s 00011000 08:01 678056                     /home/openec/hadoop-3.0.0-src/hadoop-dist/target/hadoop-3.0.0/share/hadoop/yarn/lib/jasper-runtime-5.5.23.jar
7fc7f0d34000-7fc7f0d37000 r--s 00016000 08:01 678064                     /home/openec/hadoop-3.0.0-src/hadoop-dist/target/hadoop-3.0.0/share/hadoop/yarn/lib/hbase-hadoop2-compat-1.2.6.jar
7fc7f0d37000-7fc7f0d39000 r--s 00003000 08:01 678059                     /home/openec/hadoop-3.0.0-src/hadoop-dist/target/hadoop-3.0.0/share/hadoop/yarn/lib/jackson-jaxrs-json-provider-2.7.8.jar
7fc7f0d39000-7fc7f0d3b000 r--s 00011000 08:01 678051                     /home/openec/hadoop-3.0.0-src/hadoop-dist/target/hadoop-3.0.0/share/hadoop/yarn/lib/json-io-2.5.1.jar
7fc7f0d3b000-7fc7f0d3e000 r--s 00012000 08:01 678065                     /home/openec/hadoop-3.0.0-src/hadoop-dist/target/hadoop-3.0.0/share/hadoop/yarn/lib/metrics-core-3.0.1.jar
7fc7f0d3e000-7fc7f0d47000 r--s 000b9000 08:01 678044                     /home/openec/hadoop-3.0.0-src/hadoop-dist/target/hadoop-3.0.0/share/hadoop/yarn/lib/mssql-jdbc-6.2.1.jre7.jar
7fc7f0d47000-7fc7f0d4a000 r--s 0001e000 08:01 678039                     /home/openec/hadoop-3.0.0-src/hadoop-dist/target/hadoop-3.0.0/share/hadoop/yarn/lib/HikariCP-java7-2.4.12.jar
7fc7f0d4a000-7fc7f0d4c000 r--s 0000d000 08:01 678053                     /home/openec/hadoop-3.0.0-src/hadoop-dist/target/hadoop-3.0.0/share/hadoop/yarn/lib/java-util-1.9.0.jar
7fc7f0d4c000-7fc7f0d4e000 r--s 00002000 08:01 678062                     /home/openec/hadoop-3.0.0-src/hadoop-dist/target/hadoop-3.0.0/share/hadoop/yarn/lib/findbugs-annotations-1.3.9-1.jar
7fc7f0d4e000-7fc7f0d51000 r--s 0001e000 08:01 678037                     /home/openec/hadoop-3.0.0-src/hadoop-dist/target/hadoop-3.0.0/share/hadoop/yarn/lib/jsp-api-2.1-6.1.14.jar
7fc7f0d51000-7fc7f0d53000 r--s 00007000 08:01 678034                     /home/openec/hadoop-3.0.0-src/hadoop-dist/target/hadoop-3.0.0/share/hadoop/yarn/lib/jackson-module-jaxb-annotations-2.7.8.jar
7fc7f0d53000-7fc7f0d5c000 r--s 00085000 08:01 678049                     /home/openec/hadoop-3.0.0-src/hadoop-dist/target/hadoop-3.0.0/share/hadoop/yarn/lib/hbase-common-1.2.6.jar
7fc7f0d5c000-7fc7f0d5f000 r--s 0000b000 08:01 678036                     /home/openec/hadoop-3.0.0-src/hadoop-dist/target/hadoop-3.0.0/share/hadoop/yarn/lib/geronimo-jcache_1.0_spec-1.0-alpha-1.jar
7fc7f0d5f000-7fc7f0d72000 r--s 000df000 08:01 678057                     /home/openec/hadoop-3.0.0-src/hadoop-dist/target/hadoop-3.0.0/share/hadoop/yarn/lib/commons-math-2.2.jar
7fc7f0d72000-7fc7f0d73000 r--s 00000000 08:01 678042                     /home/openec/hadoop-3.0.0-src/hadoop-dist/target/hadoop-3.0.0/share/hadoop/yarn/lib/javax.inject-1.jar
7fc7f0d73000-7fc7f0dac000 r--s 003f1000 08:01 678067                     /home/openec/hadoop-3.0.0-src/hadoop-dist/target/hadoop-3.0.0/share/hadoop/yarn/lib/hbase-protocol-1.2.6.jar
7fc7f0dac000-7fc7f0dad000 r--s 00003000 08:01 678041                     /home/openec/hadoop-3.0.0-src/hadoop-dist/target/hadoop-3.0.0/share/hadoop/yarn/lib/jersey-guice-1.19.jar
7fc7f0dad000-7fc7f0db0000 r--s 0002b000 08:01 678033                     /home/openec/hadoop-3.0.0-src/hadoop-dist/target/hadoop-3.0.0/share/hadoop/yarn/lib/joni-2.1.2.jar
7fc7f0db0000-7fc7f0db3000 r--s 00007000 08:01 678050                     /home/openec/hadoop-3.0.0-src/hadoop-dist/target/hadoop-3.0.0/share/hadoop/yarn/lib/hbase-hadoop-compat-1.2.6.jar
7fc7f0db3000-7fc7f0db8000 r--s 0005f000 08:01 678047                     /home/openec/hadoop-3.0.0-src/hadoop-dist/target/hadoop-3.0.0/share/hadoop/yarn/lib/jasper-compiler-5.5.23.jar
7fc7f0db8000-7fc7f0dbb000 r--s 0001c000 08:01 678035                     /home/openec/hadoop-3.0.0-src/hadoop-dist/target/hadoop-3.0.0/share/hadoop/yarn/lib/hbase-procedure-1.2.6.jar
7fc7f0dbb000-7fc7f0dbc000 r--s 00005000 08:01 678045                     /home/openec/hadoop-3.0.0-src/hadoop-dist/target/hadoop-3.0.0/share/hadoop/yarn/lib/jamon-runtime-2.4.1.jar
7fc7f0dbc000-7fc7f0dbf000 r--s 0001e000 08:01 678029                     /home/openec/hadoop-3.0.0-src/hadoop-dist/target/hadoop-3.0.0/share/hadoop/yarn/lib/jersey-client-1.19.jar
7fc7f0dbf000-7fc7f0df4000 r--s 003c8000 08:01 678058                     /home/openec/hadoop-3.0.0-src/hadoop-dist/target/hadoop-3.0.0/share/hadoop/yarn/lib/hbase-server-1.2.6.jar
7fc7f0df4000-7fc7f0e05000 r--s 000ea000 08:01 678032                     /home/openec/hadoop-3.0.0-src/hadoop-dist/target/hadoop-3.0.0/share/hadoop/yarn/lib/jsp-2.1-6.1.14.jar
7fc7f0e05000-7fc7f0e06000 r--s 00014000 08:01 677932                     /home/openec/hadoop-3.0.0-src/hadoop-dist/target/hadoop-3.0.0/share/hadoop/mapreduce/hadoop-mapreduce-client-jobclient-3.0.0.jar
7fc7f0e06000-7fc7f0e1f000 r--s 00179000 08:01 677930                     /home/openec/hadoop-3.0.0-src/hadoop-dist/target/hadoop-3.0.0/share/hadoop/mapreduce/hadoop-mapreduce-client-core-3.0.0.jar
7fc7f0e1f000-7fc7f0e25000 r--s 00048000 08:01 677933                     /home/openec/hadoop-3.0.0-src/hadoop-dist/target/hadoop-3.0.0/share/hadoop/mapreduce/hadoop-mapreduce-examples-3.0.0.jar
7fc7f0e25000-7fc7f0e26000 r--s 0000a000 08:01 677908                     /home/openec/hadoop-3.0.0-src/hadoop-dist/target/hadoop-3.0.0/share/hadoop/mapreduce/hadoop-mapreduce-client-hs-plugins-3.0.0.jar
7fc7f0e26000-7fc7f0e3e000 r--s 0017b000 08:01 677909                     /home/openec/hadoop-3.0.0-src/hadoop-dist/target/hadoop-3.0.0/share/hadoop/mapreduce/hadoop-mapreduce-client-jobclient-3.0.0-tests.jar
7fc7f0e3e000-7fc7f0e49000 r--s 0008a000 08:01 677937                     /home/openec/hadoop-3.0.0-src/hadoop-dist/target/hadoop-3.0.0/share/hadoop/mapreduce/hadoop-mapreduce-client-app-3.0.0.jar
7fc7f0e49000-7fc7f0e4c000 r--s 00032000 08:01 677936                     /home/openec/hadoop-3.0.0-src/hadoop-dist/target/hadoop-3.0.0/share/hadoop/mapreduce/hadoop-mapreduce-client-hs-3.0.0.jar
7fc7f0e4c000-7fc7f0e4f000 r--s 0001c000 08:01 677910                     /home/openec/hadoop-3.0.0-src/hadoop-dist/target/hadoop-3.0.0/share/hadoop/mapreduce/hadoop-mapreduce-client-nativetask-3.0.0.jar
7fc7f0e4f000-7fc7f0e50000 r--s 00017000 08:01 677893                     /home/openec/hadoop-3.0.0-src/hadoop-dist/target/hadoop-3.0.0/share/hadoop/mapreduce/hadoop-mapreduce-client-shuffle-3.0.0.jar
7fc7f0e50000-7fc7f0e5e000 r--s 000b7000 08:01 677931                     /home/openec/hadoop-3.0.0-src/hadoop-dist/target/hadoop-3.0.0/share/hadoop/mapreduce/hadoop-mapreduce-client-common-3.0.0.jar
7fc7f0e5e000-7fc7f0e5f000 r--s 0000a000 08:01 556193                     /home/openec/hadoop-3.0.0-src/hadoop-dist/target/hadoop-3.0.0/share/hadoop/hdfs/hadoop-hdfs-native-client-3.0.0.jar
7fc7f0e5f000-7fc7f0e91000 r--s 004aa000 08:01 556192                     /home/openec/hadoop-3.0.0-src/hadoop-dist/target/hadoop-3.0.0/share/hadoop/hdfs/hadoop-hdfs-3.0.0-tests.jar
7fc7f0e91000-7fc7f0edb000 r--s 00570000 08:01 556190                     /home/openec/hadoop-3.0.0-src/hadoop-dist/target/hadoop-3.0.0/share/hadoop/hdfs/hadoop-hdfs-3.0.0.jar
7fc7f0edb000-7fc7f0edd000 r--s 00022000 08:01 556142                     /home/openec/hadoop-3.0.0-src/hadoop-dist/target/hadoop-3.0.0/share/hadoop/hdfs/hadoop-hdfs-nfs-3.0.0.jar
7fc7f0edd000-7fc7f0ee0000 r--s 00020000 08:01 556141                     /home/openec/hadoop-3.0.0-src/hadoop-dist/target/hadoop-3.0.0/share/hadoop/hdfs/hadoop-hdfs-client-3.0.0-tests.jar
7fc7f0ee0000-7fc7f0f21000 r--s 00452000 08:01 556053                     /home/openec/hadoop-3.0.0-src/hadoop-dist/target/hadoop-3.0.0/share/hadoop/hdfs/hadoop-hdfs-client-3.0.0.jar
7fc7f0f21000-7fc7f0f22000 r--s 0000a000 08:01 556189                     /home/openec/hadoop-3.0.0-src/hadoop-dist/target/hadoop-3.0.0/share/hadoop/hdfs/hadoop-hdfs-native-client-3.0.0-tests.jar
7fc7f0f22000-7fc7f0f28000 r--s 00039000 08:01 556191                     /home/openec/hadoop-3.0.0-src/hadoop-dist/target/hadoop-3.0.0/share/hadoop/hdfs/hadoop-hdfs-httpfs-3.0.0.jar
7fc7f0f28000-7fc7f0f31000 r--s 0006f000 08:01 556119                     /home/openec/hadoop-3.0.0-src/hadoop-dist/target/hadoop-3.0.0/share/hadoop/hdfs/lib/log4j-1.2.17.jar
7fc7f0f31000-7fc7f0f33000 r--s 0000b000 08:01 556125                     /home/openec/hadoop-3.0.0-src/hadoop-dist/target/hadoop-3.0.0/share/hadoop/hdfs/lib/jetty-xml-9.3.19.v20170502.jar
7fc7f0f33000-7fc7f0f34000 r--s 00004000 08:01 556063                     /home/openec/hadoop-3.0.0-src/hadoop-dist/target/hadoop-3.0.0/share/hadoop/hdfs/lib/jackson-jaxrs-1.9.13.jar
7fc7f0f34000-7fc7f0f38000 r--s 0002a000 08:01 556056                     /home/openec/hadoop-3.0.0-src/hadoop-dist/target/hadoop-3.0.0/share/hadoop/hdfs/lib/commons-io-2.4.jar
7fc7f0f38000-7fc7f0f3a000 r--s 00009000 08:01 556075                     /home/openec/hadoop-3.0.0-src/hadoop-dist/target/hadoop-3.0.0/share/hadoop/hdfs/lib/commons-cli-1.2.jar
7fc7f0f3a000-7fc7f0f54000 r--s 00155000 08:01 556122                     /home/openec/hadoop-3.0.0-src/hadoop-dist/target/hadoop-3.0.0/share/hadoop/hdfs/lib/htrace-core4-4.1.0-incubating.jar
7fc7f0f54000-7fc7f0f59000 r--s 00041000 08:01 556114                     /home/openec/hadoop-3.0.0-src/hadoop-dist/target/hadoop-3.0.0/share/hadoop/hdfs/lib/commons-lang-2.6.jar
7fc7f0f59000-7fc7f0f5b000 r--s 00008000 08:01 556079                     /home/openec/hadoop-3.0.0-src/hadoop-dist/target/hadoop-3.0.0/share/hadoop/hdfs/lib/jetty-util-ajax-9.3.19.v20170502.jar
7fc7f0f5b000-7fc7f0f5d000 r--s 0000c000 08:01 556118                     /home/openec/hadoop-3.0.0-src/hadoop-dist/target/hadoop-3.0.0/share/hadoop/hdfs/lib/asm-5.0.4.jar
7fc7f0f5d000-7fc7f0f6a000 r--s 00083000 08:01 556066                     /home/openec/hadoop-3.0.0-src/hadoop-dist/target/hadoop-3.0.0/share/hadoop/hdfs/lib/commons-collections-3.2.2.jar
7fc7f0f6a000-7fc7f0f6d000 r--s 00012000 08:01 556098                     /home/openec/hadoop-3.0.0-src/hadoop-dist/target/hadoop-3.0.0/share/hadoop/hdfs/lib/kerb-server-1.0.1.jar
7fc7f0f6d000-7fc7f0f86000 r--s 0012c000 08:01 556133                     /home/openec/hadoop-3.0.0-src/hadoop-dist/target/hadoop-3.0.0/share/hadoop/hdfs/lib/netty-3.10.5.Final.jar
7fc7f0f86000-7fc7f0f8d000 r--s 0002b000 08:01 556128                     /home/openec/hadoop-3.0.0-src/hadoop-dist/target/hadoop-3.0.0/share/hadoop/hdfs/lib/kerby-pkix-1.0.1.jar
7fc7f0f8d000-7fc7f0f97000 r--s 00061000 08:01 556084                     /home/openec/hadoop-3.0.0-src/hadoop-dist/target/hadoop-3.0.0/share/hadoop/hdfs/lib/jersey-core-1.19.jar
7fc7f0f97000-7fc7f0f99000 r--s 0000e000 08:01 556116                     /home/openec/hadoop-3.0.0-src/hadoop-dist/target/hadoop-3.0.0/share/hadoop/hdfs/lib/commons-logging-1.1.3.jar
7fc7f0f99000-7fc7f0f9f000 r--s 0002c000 08:01 556127                     /home/openec/hadoop-3.0.0-src/hadoop-dist/target/hadoop-3.0.0/share/hadoop/hdfs/lib/curator-framework-2.12.0.jar
7fc7f0f9f000-7fc7f0fa7000 r--s 00067000 08:01 556089                     /home/openec/hadoop-3.0.0-src/hadoop-dist/target/hadoop-3.0.0/share/hadoop/hdfs/lib/jetty-util-9.3.19.v20170502.jar
7fc7f0fa7000-7fc7f0faa000 r--s 0001b000 08:01 556095                     /home/openec/hadoop-3.0.0-src/hadoop-dist/target/hadoop-3.0.0/share/hadoop/hdfs/lib/jetty-servlet-9.3.19.v20170502.jar
7fc7f0faa000-7fc7f0fbb000 r--s 00116000 08:01 556085                     /home/openec/hadoop-3.0.0-src/hadoop-dist/target/hadoop-3.0.0/share/hadoop/hdfs/lib/jackson-databind-2.7.8.jar
7fc7f0fbb000-7fc7f0fbe000 r--s 00016000 08:01 556113                     /home/openec/hadoop-3.0.0-src/hadoop-dist/target/hadoop-3.0.0/share/hadoop/hdfs/lib/jaxb-api-2.2.11.jar
7fc7f0fbe000-7fc7f0fc2000 r--s 00024000 08:01 556076                     /home/openec/hadoop-3.0.0-src/hadoop-dist/target/hadoop-3.0.0/share/hadoop/hdfs/lib/stax2-api-3.1.4.jar
7fc7f0fc2000-7fc7f0fc4000 r--s 0001a000 08:01 556115                     /home/openec/hadoop-3.0.0-src/hadoop-dist/target/hadoop-3.0.0/share/hadoop/hdfs/lib/jetty-webapp-9.3.19.v20170502.jar
7fc7f0fc4000-7fc7f0fc7000 r--s 0001b000 08:01 556073                     /home/openec/hadoop-3.0.0-src/hadoop-dist/target/hadoop-3.0.0/share/hadoop/hdfs/lib/json-smart-2.3.jar
7fc7f0fc7000-7fc7f0fe4000 r--s 00196000 08:01 556131                     /home/openec/hadoop-3.0.0-src/hadoop-dist/target/hadoop-3.0.0/share/hadoop/hdfs/lib/netty-all-4.0.23.Final.jar
7fc7f0fe4000-7fc7f0fe5000 r--s 00004000 08:01 556062                     /home/openec/hadoop-3.0.0-src/hadoop-dist/target/hadoop-3.0.0/share/hadoop/hdfs/lib/kerb-identity-1.0.1.jar
7fc7f0fe5000-7fc7f0fe8000 r--s 00011000 08:01 556092                     /home/openec/hadoop-3.0.0-src/hadoop-dist/target/hadoop-3.0.0/share/hadoop/hdfs/lib/kerb-admin-1.0.1.jar
7fc7f0fe8000-7fc7f0ff5000 r--s 000a7000 08:01 556134                     /home/openec/hadoop-3.0.0-src/hadoop-dist/target/hadoop-3.0.0/share/hadoop/hdfs/lib/httpclient-4.5.2.jar
7fc7f0ff5000-7fc7f0ff8000 r--s 00019000 08:01 556083                     /home/openec/hadoop-3.0.0-src/hadoop-dist/target/hadoop-3.0.0/share/hadoop/hdfs/lib/kerb-client-1.0.1.jar
7fc7f0ff8000-7fc7f1000000 r--s 0007b000 08:01 556129                     /home/openec/hadoop-3.0.0-src/hadoop-dist/target/hadoop-3.0.0/share/hadoop/hdfs/lib/protobuf-java-2.5.0.jar
7fc7f1000000-7fc7f1450000 rwxp 00000000 00:00 0 
7fc7f1450000-7fc800000000 ---p 00000000 00:00 0 
7fc800000000-7fc800021000 rw-p 00000000 00:00 0 
7fc800021000-7fc804000000 ---p 00000000 00:00 0 
7fc804000000-7fc804002000 r--s 0000a000 08:01 556137                     /home/openec/hadoop-3.0.0-src/hadoop-dist/target/hadoop-3.0.0/share/hadoop/hdfs/lib/jsr311-api-1.1.1.jar
7fc804002000-7fc80400b000 r--s 00062000 08:01 556106                     /home/openec/hadoop-3.0.0-src/hadoop-dist/target/hadoop-3.0.0/share/hadoop/hdfs/lib/avro-1.7.7.jar
7fc80400b000-7fc80400f000 r--s 0001c000 08:01 556090                     /home/openec/hadoop-3.0.0-src/hadoop-dist/target/hadoop-3.0.0/share/hadoop/hdfs/lib/jersey-servlet-1.19.jar
7fc80400f000-7fc80401d000 r--s 000b1000 08:01 556074                     /home/openec/hadoop-3.0.0-src/hadoop-dist/target/hadoop-3.0.0/share/hadoop/hdfs/lib/jackson-mapper-asl-1.9.13.jar
7fc80401d000-7fc804030000 r--s 000c7000 08:01 556100                     /home/openec/hadoop-3.0.0-src/hadoop-dist/target/hadoop-3.0.0/share/hadoop/hdfs/lib/jaxb-impl-2.2.3-1.jar
7fc804030000-7fc804033000 r--s 0003b000 08:01 556055                     /home/openec/hadoop-3.0.0-src/hadoop-dist/target/hadoop-3.0.0/share/hadoop/hdfs/lib/jackson-core-2.7.8.jar
7fc804033000-7fc804035000 r--s 00017000 08:01 556061                     /home/openec/hadoop-3.0.0-src/hadoop-dist/target/hadoop-3.0.0/share/hadoop/hdfs/lib/kerby-asn1-1.0.1.jar
7fc804035000-7fc80403a000 r--s 00036000 08:01 556112                     /home/openec/hadoop-3.0.0-src/hadoop-dist/target/hadoop-3.0.0/share/hadoop/hdfs/lib/commons-compress-1.4.1.jar
7fc80403a000-7fc804041000 r--s 00064000 08:01 556069                     /home/openec/hadoop-3.0.0-src/hadoop-dist/target/hadoop-3.0.0/share/hadoop/hdfs/lib/commons-lang3-3.4.jar
7fc804041000-7fc804045000 r--s 00025000 08:01 556078                     /home/openec/hadoop-3.0.0-src/hadoop-dist/target/hadoop-3.0.0/share/hadoop/hdfs/lib/jersey-json-1.19.jar
7fc804045000-7fc804048000 r--s 0000a000 08:01 556060                     /home/openec/hadoop-3.0.0-src/hadoop-dist/target/hadoop-3.0.0/share/hadoop/hdfs/lib/jackson-annotations-2.7.8.jar
7fc804048000-7fc80404f000 r--s 00031000 08:01 556110                     /home/openec/hadoop-3.0.0-src/hadoop-dist/target/hadoop-3.0.0/share/hadoop/hdfs/lib/kerb-core-1.0.1.jar
7fc80404f000-7fc804050000 r--s 0000f000 08:01 556057                     /home/openec/hadoop-3.0.0-src/hadoop-dist/target/hadoop-3.0.0/share/hadoop/hdfs/lib/okio-1.4.0.jar
7fc804050000-7fc80405c000 r--s 0008b000 08:01 556087                     /home/openec/hadoop-3.0.0-src/hadoop-dist/target/hadoop-3.0.0/share/hadoop/hdfs/lib/commons-configuration2-2.1.1.jar
7fc80405c000-7fc80405e000 r--s 0000d000 08:01 556102                     /home/openec/hadoop-3.0.0-src/hadoop-dist/target/hadoop-3.0.0/share/hadoop/hdfs/lib/hadoop-annotations-3.0.0.jar
7fc80405e000-7fc80405f000 r--s 00006000 08:01 556140                     /home/openec/hadoop-3.0.0-src/hadoop-dist/target/hadoop-3.0.0/share/hadoop/hdfs/lib/jackson-xc-1.9.13.jar
7fc80405f000-7fc804061000 r--s 00006000 08:01 556081                     /home/openec/hadoop-3.0.0-src/hadoop-dist/target/hadoop-3.0.0/share/hadoop/hdfs/lib/accessors-smart-1.2.jar
7fc804061000-7fc804064000 r--s 00022000 08:01 556123                     /home/openec/hadoop-3.0.0-src/hadoop-dist/target/hadoop-3.0.0/share/hadoop/hdfs/lib/jetty-http-9.3.19.v20170502.jar
7fc804064000-7fc804066000 r--s 0000e000 08:01 556126                     /home/openec/hadoop-3.0.0-src/hadoop-dist/target/hadoop-3.0.0/share/hadoop/hdfs/lib/kerb-common-1.0.1.jar
7fc804066000-7fc80409d000 r--s 00219000 08:01 556071                     /home/openec/hadoop-3.0.0-src/hadoop-dist/target/hadoop-3.0.0/share/hadoop/hdfs/lib/curator-client-2.12.0.jar
7fc80409d000-7fc80409f000 r--s 00006000 08:01 556072                     /home/openec/hadoop-3.0.0-src/hadoop-dist/target/hadoop-3.0.0/share/hadoop/hdfs/lib/kerby-config-1.0.1.jar
7fc80409f000-7fc8040a2000 r--s 0001f000 08:01 556109                     /home/openec/hadoop-3.0.0-src/hadoop-dist/target/hadoop-3.0.0/share/hadoop/hdfs/lib/hadoop-auth-3.0.0.jar
7fc8040a2000-7fc8040a5000 r--s 00006000 08:01 556104                     /home/openec/hadoop-3.0.0-src/hadoop-dist/target/hadoop-3.0.0/share/hadoop/hdfs/lib/jsr305-3.0.0.jar
7fc8040a5000-7fc8040c2000 r--s 0016a000 08:01 556058                     /home/openec/hadoop-3.0.0-src/hadoop-dist/target/hadoop-3.0.0/share/hadoop/hdfs/lib/commons-math3-3.1.1.jar
7fc8040c2000-7fc8040c9000 r--s 00079000 08:01 556111                     /home/openec/hadoop-3.0.0-src/hadoop-dist/target/hadoop-3.0.0/share/hadoop/hdfs/lib/jetty-server-9.3.19.v20170502.jar
7fc8040c9000-7fc8040ce000 r--s 0003e000 08:01 556088                     /home/openec/hadoop-3.0.0-src/hadoop-dist/target/hadoop-3.0.0/share/hadoop/hdfs/lib/commons-net-3.1.jar
7fc8040ce000-7fc8040cf000 r--s 00009000 08:01 556097                     /home/openec/hadoop-3.0.0-src/hadoop-dist/target/hadoop-3.0.0/share/hadoop/hdfs/lib/kerby-util-1.0.1.jar
7fc8040cf000-7fc8040d4000 r--s 00040000 08:01 556120                     /home/openec/hadoop-3.0.0-src/hadoop-dist/target/hadoop-3.0.0/share/hadoop/hdfs/lib/jsch-0.1.54.jar
7fc8040d4000-7fc8040d7000 r--s 0001b000 08:01 556091                     /home/openec/hadoop-3.0.0-src/hadoop-dist/target/hadoop-3.0.0/share/hadoop/hdfs/lib/jetty-io-9.3.19.v20170502.jar
7fc8040d7000-7fc8040d8000 r--s 00005000 08:01 556064                     /home/openec/hadoop-3.0.0-src/hadoop-dist/target/hadoop-3.0.0/share/hadoop/hdfs/lib/commons-daemon-1.0.13.jar
7fc8040d8000-7fc8040df000 r--s 00049000 08:01 556067                     /home/openec/hadoop-3.0.0-src/hadoop-dist/target/hadoop-3.0.0/share/hadoop/hdfs/lib/httpcore-4.4.4.jar
7fc8040df000-7fc8040e5000 r--s 00044000 08:01 556096                     /home/openec/hadoop-3.0.0-src/hadoop-dist/target/hadoop-3.0.0/share/hadoop/hdfs/lib/nimbus-jose-jwt-4.41.1.jar
7fc8040e5000-7fc8040eb000 r--s 00078000 08:01 556094                     /home/openec/hadoop-3.0.0-src/hadoop-dist/target/hadoop-3.0.0/share/hadoop/hdfs/lib/woodstox-core-5.0.3.jar
7fc8040eb000-7fc8040ed000 r--s 0001e000 08:01 556107                     /home/openec/hadoop-3.0.0-src/hadoop-dist/target/hadoop-3.0.0/share/hadoop/hdfs/lib/re2j-1.1.jar
7fc8040ed000-7fc8040f1000 r--s 00014000 08:01 556132                     /home/openec/hadoop-3.0.0-src/hadoop-dist/target/hadoop-3.0.0/share/hadoop/hdfs/lib/xz-1.0.jar
7fc8040f1000-7fc8040f3000 r--s 0000d000 08:01 556099                     /home/openec/hadoop-3.0.0-src/hadoop-dist/target/hadoop-3.0.0/share/hadoop/hdfs/lib/commons-codec-1.4.jar
7fc8040f3000-7fc8040f5000 r--s 00000000 08:01 556103                     /home/openec/hadoop-3.0.0-src/hadoop-dist/target/hadoop-3.0.0/share/hadoop/hdfs/lib/jcip-annotations-1.0-1.jar
7fc8040f5000-7fc8040f7000 r--s 00006000 08:01 556068                     /home/openec/hadoop-3.0.0-src/hadoop-dist/target/hadoop-3.0.0/share/hadoop/hdfs/lib/kerby-xdr-1.0.1.jar
7fc8040f7000-7fc8040f8000 r--s 00005000 08:01 556070                     /home/openec/hadoop-3.0.0-src/hadoop-dist/target/hadoop-3.0.0/share/hadoop/hdfs/lib/json-simple-1.1.1.jar
7fc8040f8000-7fc8040fd000 r--s 0002a000 08:01 556101                     /home/openec/hadoop-3.0.0-src/hadoop-dist/target/hadoop-3.0.0/share/hadoop/hdfs/lib/gson-2.2.4.jar
7fc8040fd000-7fc8040fe000 r--s 00008000 08:01 556086                     /home/openec/hadoop-3.0.0-src/hadoop-dist/target/hadoop-3.0.0/share/hadoop/hdfs/lib/kerb-util-1.0.1.jar
7fc8040fe000-7fc804101000 r--s 00015000 08:01 556124                     /home/openec/hadoop-3.0.0-src/hadoop-dist/target/hadoop-3.0.0/share/hadoop/hdfs/lib/javax.servlet-api-3.1.0.jar
7fc804101000-7fc804104000 r--s 000fd000 08:01 556059                     /home/openec/hadoop-3.0.0-src/hadoop-dist/target/hadoop-3.0.0/share/hadoop/hdfs/lib/leveldbjni-all-1.8.jar
7fc804104000-7fc804106000 r--s 00130000 08:01 556136                     /home/openec/hadoop-3.0.0-src/hadoop-dist/target/hadoop-3.0.0/share/hadoop/hdfs/lib/snappy-java-1.0.5.jar
7fc804106000-7fc804108000 r--s 0000f000 08:01 556139                     /home/openec/hadoop-3.0.0-src/hadoop-dist/target/hadoop-3.0.0/share/hadoop/hdfs/lib/jettison-1.1.jar
7fc804108000-7fc804129000 r--s 00172000 08:01 556080                     /home/openec/hadoop-3.0.0-src/hadoop-dist/target/hadoop-3.0.0/share/hadoop/hdfs/lib/guava-11.0.2.jar
7fc804129000-7fc80412d000 r--s 00035000 08:01 556130                     /home/openec/hadoop-3.0.0-src/hadoop-dist/target/hadoop-3.0.0/share/hadoop/hdfs/lib/jackson-core-asl-1.9.13.jar
7fc80412d000-7fc804131000 r--s 00019000 08:01 556093                     /home/openec/hadoop-3.0.0-src/hadoop-dist/target/hadoop-3.0.0/share/hadoop/hdfs/lib/kerb-crypto-1.0.1.jar
7fc804131000-7fc804136000 r--s 00038000 08:01 556135                     /home/openec/hadoop-3.0.0-src/hadoop-dist/target/hadoop-3.0.0/share/hadoop/hdfs/lib/commons-beanutils-1.9.3.jar
7fc804136000-7fc804143000 r--s 000b9000 08:01 556065                     /home/openec/hadoop-3.0.0-src/hadoop-dist/target/hadoop-3.0.0/share/hadoop/hdfs/lib/zookeeper-3.4.9.jar
7fc804143000-7fc80414b000 r--s 0003e000 08:01 556117                     /home/openec/hadoop-3.0.0-src/hadoop-dist/target/hadoop-3.0.0/share/hadoop/hdfs/lib/curator-recipes-2.12.0.jar
7fc80414b000-7fc80415b000 r--s 0009c000 08:01 556077                     /home/openec/hadoop-3.0.0-src/hadoop-dist/target/hadoop-3.0.0/share/hadoop/hdfs/lib/jersey-server-1.19.jar
7fc80415b000-7fc80415c000 r--s 00004000 08:01 556105                     /home/openec/hadoop-3.0.0-src/hadoop-dist/target/hadoop-3.0.0/share/hadoop/hdfs/lib/kerb-simplekdc-1.0.1.jar
7fc80415c000-7fc80415e000 r--s 00006000 08:01 556082                     /home/openec/hadoop-3.0.0-src/hadoop-dist/target/hadoop-3.0.0/share/hadoop/hdfs/lib/paranamer-2.3.jar
7fc80415e000-7fc804163000 r--s 00049000 08:01 556138                     /home/openec/hadoop-3.0.0-src/hadoop-dist/target/hadoop-3.0.0/share/hadoop/hdfs/lib/okhttp-2.4.0.jar
7fc804163000-7fc804164000 r--s 00004000 08:01 556108                     /home/openec/hadoop-3.0.0-src/hadoop-dist/target/hadoop-3.0.0/share/hadoop/hdfs/lib/token-provider-1.0.1.jar
7fc804164000-7fc804167000 r--s 00015000 08:01 556121                     /home/openec/hadoop-3.0.0-src/hadoop-dist/target/hadoop-3.0.0/share/hadoop/hdfs/lib/jetty-security-9.3.19.v20170502.jar
7fc804167000-7fc804191000 r--s 0027d000 08:01 556046                     /home/openec/hadoop-3.0.0-src/hadoop-dist/target/hadoop-3.0.0/share/hadoop/common/hadoop-common-3.0.0-tests.jar
7fc804191000-7fc8041cd000 r--s 0038b000 08:01 556047                     /home/openec/hadoop-3.0.0-src/hadoop-dist/target/hadoop-3.0.0/share/hadoop/common/hadoop-common-3.0.0.jar
7fc8041cd000-7fc8041cf000 r--s 0001e000 08:01 556042                     /home/openec/hadoop-3.0.0-src/hadoop-dist/target/hadoop-3.0.0/share/hadoop/common/hadoop-kms-3.0.0.jar
7fc8041cf000-7fc8041d4000 r--s 0002d000 08:01 556019                     /home/openec/hadoop-3.0.0-src/hadoop-dist/target/hadoop-3.0.0/share/hadoop/common/hadoop-nfs-3.0.0.jar
7fc8041d4000-7fc8041dd000 r--s 0006f000 08:01 555995                     /home/openec/hadoop-3.0.0-src/hadoop-dist/target/hadoop-3.0.0/share/hadoop/common/lib/log4j-1.2.17.jar
7fc8041dd000-7fc8041df000 r--s 0000b000 08:01 556001                     /home/openec/hadoop-3.0.0-src/hadoop-dist/target/hadoop-3.0.0/share/hadoop/common/lib/jetty-xml-9.3.19.v20170502.jar
7fc8041df000-7fc8041e0000 r--s 00004000 08:01 555938                     /home/openec/hadoop-3.0.0-src/hadoop-dist/target/hadoop-3.0.0/share/hadoop/common/lib/jackson-jaxrs-1.9.13.jar
7fc8041e0000-7fc8041e4000 r--s 0002a000 08:01 555933                     /home/openec/hadoop-3.0.0-src/hadoop-dist/target/hadoop-3.0.0/share/hadoop/common/lib/commons-io-2.4.jar
7fc8041e4000-7fc8041e6000 r--s 00009000 08:01 555950                     /home/openec/hadoop-3.0.0-src/hadoop-dist/target/hadoop-3.0.0/share/hadoop/common/lib/commons-cli-1.2.jar
7fc8041e6000-7fc804200000 r--s 00155000 08:01 555998                     /home/openec/hadoop-3.0.0-src/hadoop-dist/target/hadoop-3.0.0/share/hadoop/common/lib/htrace-core4-4.1.0-incubating.jar
7fc804200000-7fc804205000 r--s 00041000 08:01 555990                     /home/openec/hadoop-3.0.0-src/hadoop-dist/target/hadoop-3.0.0/share/hadoop/common/lib/commons-lang-2.6.jar
7fc804205000-7fc804207000 r--s 0000c000 08:01 555994                     /home/openec/hadoop-3.0.0-src/hadoop-dist/target/hadoop-3.0.0/share/hadoop/common/lib/asm-5.0.4.jar
7fc804207000-7fc804214000 r--s 00083000 08:01 555940                     /home/openec/hadoop-3.0.0-src/hadoop-dist/target/hadoop-3.0.0/share/hadoop/common/lib/commons-collections-3.2.2.jar
7fc804214000-7fc804217000 r--s 00012000 08:01 555973                     /home/openec/hadoop-3.0.0-src/hadoop-dist/target/hadoop-3.0.0/share/hadoop/common/lib/kerb-server-1.0.1.jar
7fc804217000-7fc804230000 r--s 0012c000 08:01 556011                     /home/openec/hadoop-3.0.0-src/hadoop-dist/target/hadoop-3.0.0/share/hadoop/common/lib/netty-3.10.5.Final.jar
7fc804230000-7fc804237000 r--s 0002b000 08:01 556005                     /home/openec/hadoop-3.0.0-src/hadoop-dist/target/hadoop-3.0.0/share/hadoop/common/lib/kerby-pkix-1.0.1.jar
7fc804237000-7fc804239000 r--s 00009000 08:01 555944                     /home/openec/hadoop-3.0.0-src/hadoop-dist/target/hadoop-3.0.0/share/hadoop/common/lib/slf4j-api-1.7.25.jar
7fc804239000-7fc804243000 r--s 00061000 08:01 555958                     /home/openec/hadoop-3.0.0-src/hadoop-dist/target/hadoop-3.0.0/share/hadoop/common/lib/jersey-core-1.19.jar
7fc804243000-7fc804245000 r--s 0000e000 08:01 555992                     /home/openec/hadoop-3.0.0-src/hadoop-dist/target/hadoop-3.0.0/share/hadoop/common/lib/commons-logging-1.1.3.jar
7fc804245000-7fc80424b000 r--s 0002c000 08:01 556004                     /home/openec/hadoop-3.0.0-src/hadoop-dist/target/hadoop-3.0.0/share/hadoop/common/lib/curator-framework-2.12.0.jar
7fc80424b000-7fc804253000 r--s 00067000 08:01 555964                     /home/openec/hadoop-3.0.0-src/hadoop-dist/target/hadoop-3.0.0/share/hadoop/common/lib/jetty-util-9.3.19.v20170502.jar
7fc804253000-7fc804256000 r--s 0001b000 08:01 555970                     /home/openec/hadoop-3.0.0-src/hadoop-dist/target/hadoop-3.0.0/share/hadoop/common/lib/jetty-servlet-9.3.19.v20170502.jar
7fc804256000-7fc804267000 r--s 00116000 08:01 555960                     /home/openec/hadoop-3.0.0-src/hadoop-dist/target/hadoop-3.0.0/share/hadoop/common/lib/jackson-databind-2.7.8.jar
7fc804267000-7fc80426a000 r--s 00016000 08:01 555989                     /home/openec/hadoop-3.0.0-src/hadoop-dist/target/hadoop-3.0.0/share/hadoop/common/lib/jaxb-api-2.2.11.jar
7fc80426a000-7fc804270000 r--s 00036000 08:01 555959                     /home/openec/hadoop-3.0.0-src/hadoop-dist/target/hadoop-3.0.0/share/hadoop/common/lib/junit-4.11.jar
7fc804270000-7fc804274000 r--s 00024000 08:01 555951                     /home/openec/hadoop-3.0.0-src/hadoop-dist/target/hadoop-3.0.0/share/hadoop/common/lib/stax2-api-3.1.4.jar
7fc804274000-7fc804276000 r--s 0001a000 08:01 555991                     /home/openec/hadoop-3.0.0-src/hadoop-dist/target/hadoop-3.0.0/share/hadoop/common/lib/jetty-webapp-9.3.19.v20170502.jar
7fc804276000-7fc804279000 r--s 0001b000 08:01 555948                     /home/openec/hadoop-3.0.0-src/hadoop-dist/target/hadoop-3.0.0/share/hadoop/common/lib/json-smart-2.3.jar
7fc804279000-7fc80427a000 r--s 00004000 08:01 555937                     /home/openec/hadoop-3.0.0-src/hadoop-dist/target/hadoop-3.0.0/share/hadoop/common/lib/kerb-identity-1.0.1.jar
7fc80427a000-7fc80427d000 r--s 00011000 08:01 555967                     /home/openec/hadoop-3.0.0-src/hadoop-dist/target/hadoop-3.0.0/share/hadoop/common/lib/kerb-admin-1.0.1.jar
7fc80427d000-7fc80428a000 r--s 000a7000 08:01 556012                     /home/openec/hadoop-3.0.0-src/hadoop-dist/target/hadoop-3.0.0/share/hadoop/common/lib/httpclient-4.5.2.jar
7fc80428a000-7fc80428d000 r--s 00019000 08:01 555957                     /home/openec/hadoop-3.0.0-src/hadoop-dist/target/hadoop-3.0.0/share/hadoop/common/lib/kerb-client-1.0.1.jar
7fc80428d000-7fc804295000 r--s 0007b000 08:01 556006                     /home/openec/hadoop-3.0.0-src/hadoop-dist/target/hadoop-3.0.0/share/hadoop/common/lib/protobuf-java-2.5.0.jar
7fc804295000-7fc804297000 r--s 0000a000 08:01 556016                     /home/openec/hadoop-3.0.0-src/hadoop-dist/target/hadoop-3.0.0/share/hadoop/common/lib/jsr311-api-1.1.1.jar
7fc804297000-7fc8042a0000 r--s 00062000 08:01 555981                     /home/openec/hadoop-3.0.0-src/hadoop-dist/target/hadoop-3.0.0/share/hadoop/common/lib/avro-1.7.7.jar
7fc8042a0000-7fc8042a4000 r--s 0001c000 08:01 555965                     /home/openec/hadoop-3.0.0-src/hadoop-dist/target/hadoop-3.0.0/share/hadoop/common/lib/jersey-servlet-1.19.jar
7fc8042a4000-7fc8042b2000 r--s 000b1000 08:01 555949                     /home/openec/hadoop-3.0.0-src/hadoop-dist/target/hadoop-3.0.0/share/hadoop/common/lib/jackson-mapper-asl-1.9.13.jar
7fc8042b2000-7fc8042c5000 r--s 000c7000 08:01 555975                     /home/openec/hadoop-3.0.0-src/hadoop-dist/target/hadoop-3.0.0/share/hadoop/common/lib/jaxb-impl-2.2.3-1.jar
7fc8042c5000-7fc8042c8000 r--s 0003b000 08:01 555932                     /home/openec/hadoop-3.0.0-src/hadoop-dist/target/hadoop-3.0.0/share/hadoop/common/lib/jackson-core-2.7.8.jar
7fc8042c8000-7fc8042ca000 r--s 00017000 08:01 555936                     /home/openec/hadoop-3.0.0-src/hadoop-dist/target/hadoop-3.0.0/share/hadoop/common/lib/kerby-asn1-1.0.1.jar
7fc8042ca000-7fc8042cc000 r--s 00009000 08:01 555986                     /home/openec/hadoop-3.0.0-src/hadoop-dist/target/hadoop-3.0.0/share/hadoop/common/lib/hamcrest-core-1.3.jar
7fc8042cc000-7fc8042d1000 r--s 00036000 08:01 555988                     /home/openec/hadoop-3.0.0-src/hadoop-dist/target/hadoop-3.0.0/share/hadoop/common/lib/commons-compress-1.4.1.jar
7fc8042d1000-7fc8042d2000 r--s 00002000 08:01 556008                     /home/openec/hadoop-3.0.0-src/hadoop-dist/target/hadoop-3.0.0/share/hadoop/common/lib/slf4j-log4j12-1.7.25.jar
7fc8042d2000-7fc8042d9000 r--s 00064000 08:01 555945                     /home/openec/hadoop-3.0.0-src/hadoop-dist/target/hadoop-3.0.0/share/hadoop/common/lib/commons-lang3-3.4.jar
7fc8042d9000-7fc8042dd000 r--s 00025000 08:01 555953                     /home/openec/hadoop-3.0.0-src/hadoop-dist/target/hadoop-3.0.0/share/hadoop/common/lib/jersey-json-1.19.jar
7fc8042dd000-7fc8042e0000 r--s 00012000 08:01 556002                     /home/openec/hadoop-3.0.0-src/hadoop-dist/target/hadoop-3.0.0/share/hadoop/common/lib/metrics-core-3.0.1.jar
7fc8042e0000-7fc8042e3000 r--s 0000a000 08:01 555935                     /home/openec/hadoop-3.0.0-src/hadoop-dist/target/hadoop-3.0.0/share/hadoop/common/lib/jackson-annotations-2.7.8.jar
7fc8042e3000-7fc8042ea000 r--s 00031000 08:01 555985                     /home/openec/hadoop-3.0.0-src/hadoop-dist/target/hadoop-3.0.0/share/hadoop/common/lib/kerb-core-1.0.1.jar
7fc8042ea000-7fc8042f6000 r--s 0008b000 08:01 555962                     /home/openec/hadoop-3.0.0-src/hadoop-dist/target/hadoop-3.0.0/share/hadoop/common/lib/commons-configuration2-2.1.1.jar
7fc8042f6000-7fc8042f8000 r--s 0000d000 08:01 555977                     /home/openec/hadoop-3.0.0-src/hadoop-dist/target/hadoop-3.0.0/share/hadoop/common/lib/hadoop-annotations-3.0.0.jar
7fc8042f8000-7fc8042f9000 r--s 00006000 08:01 556018                     /home/openec/hadoop-3.0.0-src/hadoop-dist/target/hadoop-3.0.0/share/hadoop/common/lib/jackson-xc-1.9.13.jar
7fc8042f9000-7fc8042fb000 r--s 00006000 08:01 555955                     /home/openec/hadoop-3.0.0-src/hadoop-dist/target/hadoop-3.0.0/share/hadoop/common/lib/accessors-smart-1.2.jar
7fc8042fb000-7fc8042fe000 r--s 00022000 08:01 555999                     /home/openec/hadoop-3.0.0-src/hadoop-dist/target/hadoop-3.0.0/share/hadoop/common/lib/jetty-http-9.3.19.v20170502.jar
7fc8042fe000-7fc804300000 r--s 0000e000 08:01 556003                     /home/openec/hadoop-3.0.0-src/hadoop-dist/target/hadoop-3.0.0/share/hadoop/common/lib/kerb-common-1.0.1.jar
7fc804300000-7fc804337000 r--s 00219000 08:01 555946                     /home/openec/hadoop-3.0.0-src/hadoop-dist/target/hadoop-3.0.0/share/hadoop/common/lib/curator-client-2.12.0.jar
7fc804337000-7fc804339000 r--s 00006000 08:01 555947                     /home/openec/hadoop-3.0.0-src/hadoop-dist/target/hadoop-3.0.0/share/hadoop/common/lib/kerby-config-1.0.1.jar
7fc804339000-7fc80433c000 r--s 0001f000 08:01 555984                     /home/openec/hadoop-3.0.0-src/hadoop-dist/target/hadoop-3.0.0/share/hadoop/common/lib/hadoop-auth-3.0.0.jar
7fc80433c000-7fc80433f000 r--s 00006000 08:01 555979                     /home/openec/hadoop-3.0.0-src/hadoop-dist/target/hadoop-3.0.0/share/hadoop/common/lib/jsr305-3.0.0.jar
7fc80433f000-7fc80435c000 r--s 0016a000 08:01 555934                     /home/openec/hadoop-3.0.0-src/hadoop-dist/target/hadoop-3.0.0/share/hadoop/common/lib/commons-math3-3.1.1.jar
7fc80435c000-7fc804363000 r--s 00079000 08:01 555987                     /home/openec/hadoop-3.0.0-src/hadoop-dist/target/hadoop-3.0.0/share/hadoop/common/lib/jetty-server-9.3.19.v20170502.jar
7fc804363000-7fc804368000 r--s 0003e000 08:01 555963                     /home/openec/hadoop-3.0.0-src/hadoop-dist/target/hadoop-3.0.0/share/hadoop/common/lib/commons-net-3.1.jar
7fc804368000-7fc80436d000 r--s 00040000 08:01 555996                     /home/openec/hadoop-3.0.0-src/hadoop-dist/target/hadoop-3.0.0/share/hadoop/common/lib/jsch-0.1.54.jar
7fc80436d000-7fc804370000 r--s 0001b000 08:01 555966                     /home/openec/hadoop-3.0.0-src/hadoop-dist/target/hadoop-3.0.0/share/hadoop/common/lib/jetty-io-9.3.19.v20170502.jar
7fc804370000-7fc804373000 r--s 00016000 08:01 555941                     /home/openec/hadoop-3.0.0-src/hadoop-dist/target/hadoop-3.0.0/share/hadoop/common/lib/jsp-api-2.1.jar
7fc804373000-7fc80437a000 r--s 00049000 08:01 555942                     /home/openec/hadoop-3.0.0-src/hadoop-dist/target/hadoop-3.0.0/share/hadoop/common/lib/httpcore-4.4.4.jar
7fc80437a000-7fc804380000 r--s 00044000 08:01 555971                     /home/openec/hadoop-3.0.0-src/hadoop-dist/target/hadoop-3.0.0/share/hadoop/common/lib/nimbus-jose-jwt-4.41.1.jar
7fc804380000-7fc804386000 r--s 00078000 08:01 555969                     /home/openec/hadoop-3.0.0-src/hadoop-dist/target/hadoop-3.0.0/share/hadoop/common/lib/woodstox-core-5.0.3.jar
7fc804386000-7fc804388000 r--s 0001e000 08:01 555982                     /home/openec/hadoop-3.0.0-src/hadoop-dist/target/hadoop-3.0.0/share/hadoop/common/lib/re2j-1.1.jar
7fc804388000-7fc80438c000 r--s 00014000 08:01 556010                     /home/openec/hadoop-3.0.0-src/hadoop-dist/target/hadoop-3.0.0/share/hadoop/common/lib/xz-1.0.jar
7fc80438c000-7fc80438e000 r--s 0000d000 08:01 555974                     /home/openec/hadoop-3.0.0-src/hadoop-dist/target/hadoop-3.0.0/share/hadoop/common/lib/commons-codec-1.4.jar
7fc80438e000-7fc8043ab000 r--s 0013e000 08:01 556007                     /home/openec/hadoop-3.0.0-src/hadoop-dist/target/hadoop-3.0.0/share/hadoop/common/lib/mockito-all-1.8.5.jar
7fc8043ab000-7fc8043ad000 r--s 00000000 08:01 555978                     /home/openec/hadoop-3.0.0-src/hadoop-dist/target/hadoop-3.0.0/share/hadoop/common/lib/jcip-annotations-1.0-1.jar
7fc8043ad000-7fc8043af000 r--s 00006000 08:01 555943                     /home/openec/hadoop-3.0.0-src/hadoop-dist/target/hadoop-3.0.0/share/hadoop/common/lib/kerby-xdr-1.0.1.jar
7fc8043af000-7fc8043b4000 r--s 0002a000 08:01 555976                     /home/openec/hadoop-3.0.0-src/hadoop-dist/target/hadoop-3.0.0/share/hadoop/common/lib/gson-2.2.4.jar
7fc8043b4000-7fc8043b7000 r--s 00015000 08:01 556000                     /home/openec/hadoop-3.0.0-src/hadoop-dist/target/hadoop-3.0.0/share/hadoop/common/lib/javax.servlet-api-3.1.0.jar
7fc8043b7000-7fc8043b9000 r--s 00130000 08:01 556015                     /home/openec/hadoop-3.0.0-src/hadoop-dist/target/hadoop-3.0.0/share/hadoop/common/lib/snappy-java-1.0.5.jar
7fc8043b9000-7fc8043bb000 r--s 0000f000 08:01 556017                     /home/openec/hadoop-3.0.0-src/hadoop-dist/target/hadoop-3.0.0/share/hadoop/common/lib/jettison-1.1.jar
7fc8043bb000-7fc8043dc000 r--s 00172000 08:01 555954                     /home/openec/hadoop-3.0.0-src/hadoop-dist/target/hadoop-3.0.0/share/hadoop/common/lib/guava-11.0.2.jar
7fc8043dc000-7fc8043e0000 r--s 00035000 08:01 556009                     /home/openec/hadoop-3.0.0-src/hadoop-dist/target/hadoop-3.0.0/share/hadoop/common/lib/jackson-core-asl-1.9.13.jar
7fc8043e0000-7fc8043ed000 r--s 000b9000 08:01 555939                     /home/openec/hadoop-3.0.0-src/hadoop-dist/target/hadoop-3.0.0/share/hadoop/common/lib/zookeeper-3.4.9.jar
7fc8043ed000-7fc8043fd000 r--s 0009c000 08:01 555952                     /home/openec/hadoop-3.0.0-src/hadoop-dist/target/hadoop-3.0.0/share/hadoop/common/lib/jersey-server-1.19.jar
7fc8043fd000-7fc8043fe000 ---p 00000000 00:00 0 
7fc8043fe000-7fc8044fe000 rw-p 00000000 00:00 0 
7fc8044fe000-7fc804501000 ---p 00000000 00:00 0 
7fc804501000-7fc8045ff000 rw-p 00000000 00:00 0 
7fc8045ff000-7fc804600000 ---p 00000000 00:00 0 
7fc804600000-7fc804603000 ---p 00000000 00:00 0 
7fc804603000-7fc804700000 rw-p 00000000 00:00 0 
7fc804700000-7fc804701000 ---p 00000000 00:00 0 
7fc804701000-7fc804704000 ---p 00000000 00:00 0 
7fc804704000-7fc804801000 rw-p 00000000 00:00 0 
7fc804801000-7fc804804000 ---p 00000000 00:00 0 
7fc804804000-7fc804902000 rw-p 00000000 00:00 0 
7fc804902000-7fc8052d1000 r--p 00000000 08:01 1055398                    /usr/lib/locale/locale-archive
7fc8052d1000-7fc8052d4000 ---p 00000000 00:00 0 
7fc8052d4000-7fc8053d2000 rw-p 00000000 00:00 0 
7fc8053d2000-7fc8053d5000 ---p 00000000 00:00 0 
7fc8053d5000-7fc8054d3000 rw-p 00000000 00:00 0 
7fc8054d3000-7fc8054d4000 ---p 00000000 00:00 0 
7fc8054d4000-7fc805f90000 rw-p 00000000 00:00 0 
7fc805f90000-7fc806170000 r--s 03ea1000 08:01 1203965                    /usr/lib/jvm/jdk1.8.0_333/jre/lib/rt.jar
7fc806170000-7fc808000000 rw-p 00000000 00:00 0 
7fc808000000-7fc808021000 rw-p 00000000 00:00 0 
7fc808021000-7fc80c000000 ---p 00000000 00:00 0 
7fc80c000000-7fc80c004000 r--s 00019000 08:01 555968                     /home/openec/hadoop-3.0.0-src/hadoop-dist/target/hadoop-3.0.0/share/hadoop/common/lib/kerb-crypto-1.0.1.jar
7fc80c004000-7fc80c00c000 r--s 0003e000 08:01 555993                     /home/openec/hadoop-3.0.0-src/hadoop-dist/target/hadoop-3.0.0/share/hadoop/common/lib/curator-recipes-2.12.0.jar
7fc80c00c000-7fc80ca6b000 rw-p 00000000 00:00 0 
7fc80ca6b000-7fc80ca6c000 ---p 00000000 00:00 0 
7fc80ca6c000-7fc80cb6c000 rw-p 00000000 00:00 0 
7fc80cb6c000-7fc80cb6d000 ---p 00000000 00:00 0 
7fc80cb6d000-7fc80cc82000 rw-p 00000000 00:00 0 
7fc80cc82000-7fc80cdb3000 ---p 00000000 00:00 0 
7fc80cdb3000-7fc80cdf8000 rw-p 00000000 00:00 0 
7fc80cdf8000-7fc80ce56000 ---p 00000000 00:00 0 
7fc80ce56000-7fc80ce69000 rw-p 00000000 00:00 0 
7fc80ce69000-7fc80d217000 ---p 00000000 00:00 0 
7fc80d217000-7fc80d232000 r-xp 00000000 08:01 1203811                    /usr/lib/jvm/jdk1.8.0_333/jre/lib/amd64/libzip.so
7fc80d232000-7fc80d431000 ---p 0001b000 08:01 1203811                    /usr/lib/jvm/jdk1.8.0_333/jre/lib/amd64/libzip.so
7fc80d431000-7fc80d432000 r--p 0001a000 08:01 1203811                    /usr/lib/jvm/jdk1.8.0_333/jre/lib/amd64/libzip.so
7fc80d432000-7fc80d433000 rw-p 0001b000 08:01 1203811                    /usr/lib/jvm/jdk1.8.0_333/jre/lib/amd64/libzip.so
7fc80d433000-7fc80d43e000 r-xp 00000000 08:01 1186076                    /lib/x86_64-linux-gnu/libnss_files-2.27.so
7fc80d43e000-7fc80d63d000 ---p 0000b000 08:01 1186076                    /lib/x86_64-linux-gnu/libnss_files-2.27.so
7fc80d63d000-7fc80d63e000 r--p 0000a000 08:01 1186076                    /lib/x86_64-linux-gnu/libnss_files-2.27.so
7fc80d63e000-7fc80d63f000 rw-p 0000b000 08:01 1186076                    /lib/x86_64-linux-gnu/libnss_files-2.27.so
7fc80d63f000-7fc80d645000 rw-p 00000000 00:00 0 
7fc80d645000-7fc80d65c000 r-xp 00000000 08:01 1186003                    /lib/x86_64-linux-gnu/libnsl-2.27.so
7fc80d65c000-7fc80d85b000 ---p 00017000 08:01 1186003                    /lib/x86_64-linux-gnu/libnsl-2.27.so
7fc80d85b000-7fc80d85c000 r--p 00016000 08:01 1186003                    /lib/x86_64-linux-gnu/libnsl-2.27.so
7fc80d85c000-7fc80d85d000 rw-p 00017000 08:01 1186003                    /lib/x86_64-linux-gnu/libnsl-2.27.so
7fc80d85d000-7fc80d85f000 rw-p 00000000 00:00 0 
7fc80d85f000-7fc80d86a000 r-xp 00000000 08:01 1186123                    /lib/x86_64-linux-gnu/libnss_nis-2.27.so
7fc80d86a000-7fc80da69000 ---p 0000b000 08:01 1186123                    /lib/x86_64-linux-gnu/libnss_nis-2.27.so
7fc80da69000-7fc80da6a000 r--p 0000a000 08:01 1186123                    /lib/x86_64-linux-gnu/libnss_nis-2.27.so
7fc80da6a000-7fc80da6b000 rw-p 0000b000 08:01 1186123                    /lib/x86_64-linux-gnu/libnss_nis-2.27.so
7fc80da6b000-7fc80da73000 r-xp 00000000 08:01 1186043                    /lib/x86_64-linux-gnu/libnss_compat-2.27.so
7fc80da73000-7fc80dc73000 ---p 00008000 08:01 1186043                    /lib/x86_64-linux-gnu/libnss_compat-2.27.so
7fc80dc73000-7fc80dc74000 r--p 00008000 08:01 1186043                    /lib/x86_64-linux-gnu/libnss_compat-2.27.so
7fc80dc74000-7fc80dc75000 rw-p 00009000 08:01 1186043                    /lib/x86_64-linux-gnu/libnss_compat-2.27.so
7fc80dc75000-7fc80dca2000 r-xp 00000000 08:01 1203809                    /usr/lib/jvm/jdk1.8.0_333/jre/lib/amd64/libjava.so
7fc80dca2000-7fc80dea1000 ---p 0002d000 08:01 1203809                    /usr/lib/jvm/jdk1.8.0_333/jre/lib/amd64/libjava.so
7fc80dea1000-7fc80dea2000 r--p 0002c000 08:01 1203809                    /usr/lib/jvm/jdk1.8.0_333/jre/lib/amd64/libjava.so
7fc80dea2000-7fc80dea4000 rw-p 0002d000 08:01 1203809                    /usr/lib/jvm/jdk1.8.0_333/jre/lib/amd64/libjava.so
7fc80dea4000-7fc80deb1000 r-xp 00000000 08:01 1203798                    /usr/lib/jvm/jdk1.8.0_333/jre/lib/amd64/libverify.so
7fc80deb1000-7fc80e0b0000 ---p 0000d000 08:01 1203798                    /usr/lib/jvm/jdk1.8.0_333/jre/lib/amd64/libverify.so
7fc80e0b0000-7fc80e0b2000 r--p 0000c000 08:01 1203798                    /usr/lib/jvm/jdk1.8.0_333/jre/lib/amd64/libverify.so
7fc80e0b2000-7fc80e0b3000 rw-p 0000e000 08:01 1203798                    /usr/lib/jvm/jdk1.8.0_333/jre/lib/amd64/libverify.so
7fc80e0b3000-7fc80e0ba000 r-xp 00000000 08:01 1186148                    /lib/x86_64-linux-gnu/librt-2.27.so
7fc80e0ba000-7fc80e2b9000 ---p 00007000 08:01 1186148                    /lib/x86_64-linux-gnu/librt-2.27.so
7fc80e2b9000-7fc80e2ba000 r--p 00006000 08:01 1186148                    /lib/x86_64-linux-gnu/librt-2.27.so
7fc80e2ba000-7fc80e2bb000 rw-p 00007000 08:01 1186148                    /lib/x86_64-linux-gnu/librt-2.27.so
7fc80e2bb000-7fc80e2bc000 ---p 00000000 00:00 0 
7fc80e2bc000-7fc80eabc000 rw-p 00000000 00:00 0 
7fc80eabc000-7fc80eabd000 ---p 00000000 00:00 0 
7fc80eabd000-7fc80f2bd000 rw-p 00000000 00:00 0 
7fc80f2bd000-7fc80f2be000 ---p 00000000 00:00 0 
7fc80f2be000-7fc80fabe000 rw-p 00000000 00:00 0 
7fc80fabe000-7fc80fabf000 ---p 00000000 00:00 0 
7fc80fabf000-7fc8102bf000 rw-p 00000000 00:00 0 
7fc8102bf000-7fc8102c2000 r-xp 00000000 08:01 1185828                    /lib/x86_64-linux-gnu/libdl-2.27.so
7fc8102c2000-7fc8104c1000 ---p 00003000 08:01 1185828                    /lib/x86_64-linux-gnu/libdl-2.27.so
7fc8104c1000-7fc8104c2000 r--p 00002000 08:01 1185828                    /lib/x86_64-linux-gnu/libdl-2.27.so
7fc8104c2000-7fc8104c3000 rw-p 00003000 08:01 1185828                    /lib/x86_64-linux-gnu/libdl-2.27.so
7fc8104c3000-7fc810660000 r-xp 00000000 08:01 1185829                    /lib/x86_64-linux-gnu/libm-2.27.so
7fc810660000-7fc81085f000 ---p 0019d000 08:01 1185829                    /lib/x86_64-linux-gnu/libm-2.27.so
7fc81085f000-7fc810860000 r--p 0019c000 08:01 1185829                    /lib/x86_64-linux-gnu/libm-2.27.so
7fc810860000-7fc810861000 rw-p 0019d000 08:01 1185829                    /lib/x86_64-linux-gnu/libm-2.27.so
7fc810861000-7fc811559000 r-xp 00000000 08:01 1203791                    /usr/lib/jvm/jdk1.8.0_333/jre/lib/amd64/server/libjvm.so
7fc811559000-7fc811758000 ---p 00cf8000 08:01 1203791                    /usr/lib/jvm/jdk1.8.0_333/jre/lib/amd64/server/libjvm.so
7fc811758000-7fc8117ee000 r--p 00cf7000 08:01 1203791                    /usr/lib/jvm/jdk1.8.0_333/jre/lib/amd64/server/libjvm.so
7fc8117ee000-7fc81181f000 rw-p 00d8d000 08:01 1203791                    /usr/lib/jvm/jdk1.8.0_333/jre/lib/amd64/server/libjvm.so
7fc81181f000-7fc81185a000 rw-p 00000000 00:00 0 
7fc81185a000-7fc811a41000 r-xp 00000000 08:01 1185825                    /lib/x86_64-linux-gnu/libc-2.27.so
7fc811a41000-7fc811c41000 ---p 001e7000 08:01 1185825                    /lib/x86_64-linux-gnu/libc-2.27.so
7fc811c41000-7fc811c45000 r--p 001e7000 08:01 1185825                    /lib/x86_64-linux-gnu/libc-2.27.so
7fc811c45000-7fc811c47000 rw-p 001eb000 08:01 1185825                    /lib/x86_64-linux-gnu/libc-2.27.so
7fc811c47000-7fc811c4b000 rw-p 00000000 00:00 0 
7fc811c4b000-7fc811c62000 r-xp 00000000 08:01 1186143                    /lib/x86_64-linux-gnu/libgcc_s.so.1
7fc811c62000-7fc811e61000 ---p 00017000 08:01 1186143                    /lib/x86_64-linux-gnu/libgcc_s.so.1
7fc811e61000-7fc811e62000 r--p 00016000 08:01 1186143                    /lib/x86_64-linux-gnu/libgcc_s.so.1
7fc811e62000-7fc811e63000 rw-p 00017000 08:01 1186143                    /lib/x86_64-linux-gnu/libgcc_s.so.1
7fc811e63000-7fc811fdc000 r-xp 00000000 08:01 1060603                    /usr/lib/x86_64-linux-gnu/libstdc++.so.6.0.25
7fc811fdc000-7fc8121dc000 ---p 00179000 08:01 1060603                    /usr/lib/x86_64-linux-gnu/libstdc++.so.6.0.25
7fc8121dc000-7fc8121e6000 r--p 00179000 08:01 1060603                    /usr/lib/x86_64-linux-gnu/libstdc++.so.6.0.25
7fc8121e6000-7fc8121e8000 rw-p 00183000 08:01 1060603                    /usr/lib/x86_64-linux-gnu/libstdc++.so.6.0.25
7fc8121e8000-7fc8121ec000 rw-p 00000000 00:00 0 
7fc8121ec000-7fc8121fc000 r-xp 00000000 08:01 555910                     /home/openec/hadoop-3.0.0-src/hadoop-dist/target/hadoop-3.0.0/lib/native/libhdfs.so.0.0.0
7fc8121fc000-7fc8123fc000 ---p 00010000 08:01 555910                     /home/openec/hadoop-3.0.0-src/hadoop-dist/target/hadoop-3.0.0/lib/native/libhdfs.so.0.0.0
7fc8123fc000-7fc8123fd000 r--p 00010000 08:01 555910                     /home/openec/hadoop-3.0.0-src/hadoop-dist/target/hadoop-3.0.0/lib/native/libhdfs.so.0.0.0
7fc8123fd000-7fc8123fe000 rw-p 00011000 08:01 555910                     /home/openec/hadoop-3.0.0-src/hadoop-dist/target/hadoop-3.0.0/lib/native/libhdfs.so.0.0.0
7fc8123fe000-7fc812438000 r-xp 00000000 08:01 1080583                    /usr/local/lib/libgf_complete.so.1.0.0
7fc812438000-7fc812638000 ---p 0003a000 08:01 1080583                    /usr/local/lib/libgf_complete.so.1.0.0
7fc812638000-7fc812639000 r--p 0003a000 08:01 1080583                    /usr/local/lib/libgf_complete.so.1.0.0
7fc812639000-7fc81263a000 rw-p 0003b000 08:01 1080583                    /usr/local/lib/libgf_complete.so.1.0.0
7fc81263a000-7fc81264b000 r-xp 00000000 08:01 1080578                    /usr/local/lib/libhiredis.so.1.0.0
7fc81264b000-7fc81284b000 ---p 00011000 08:01 1080578                    /usr/local/lib/libhiredis.so.1.0.0
7fc81284b000-7fc81284c000 r--p 00011000 08:01 1080578                    /usr/local/lib/libhiredis.so.1.0.0
7fc81284c000-7fc81284d000 rw-p 00012000 08:01 1080578                    /usr/local/lib/libhiredis.so.1.0.0
7fc81284d000-7fc812886000 r-xp 00000000 08:01 1080607                    /usr/lib/libisal.so.2.0.30
7fc812886000-7fc812a85000 ---p 00039000 08:01 1080607                    /usr/lib/libisal.so.2.0.30
7fc812a85000-7fc812a86000 r--p 00038000 08:01 1080607                    /usr/lib/libisal.so.2.0.30
7fc812a86000-7fc812a96000 rw-p 00039000 08:01 1080607                    /usr/lib/libisal.so.2.0.30
7fc812a96000-7fc812ab0000 r-xp 00000000 08:01 1186126                    /lib/x86_64-linux-gnu/libpthread-2.27.so
7fc812ab0000-7fc812caf000 ---p 0001a000 08:01 1186126                    /lib/x86_64-linux-gnu/libpthread-2.27.so
7fc812caf000-7fc812cb0000 r--p 00019000 08:01 1186126                    /lib/x86_64-linux-gnu/libpthread-2.27.so
7fc812cb0000-7fc812cb1000 rw-p 0001a000 08:01 1186126                    /lib/x86_64-linux-gnu/libpthread-2.27.so
7fc812cb1000-7fc812cb5000 rw-p 00000000 00:00 0 
7fc812cb5000-7fc812cde000 r-xp 00000000 08:01 1185737                    /lib/x86_64-linux-gnu/ld-2.27.so
7fc812cde000-7fc812cdf000 r--s 00009000 08:01 555972                     /home/openec/hadoop-3.0.0-src/hadoop-dist/target/hadoop-3.0.0/share/hadoop/common/lib/kerby-util-1.0.1.jar
7fc812cdf000-7fc812ce1000 r--s 00000000 08:01 556013                     /home/openec/hadoop-3.0.0-src/hadoop-dist/target/hadoop-3.0.0/share/hadoop/common/lib/jul-to-slf4j-1.7.25.jar
7fc812ce1000-7fc812d8d000 rw-p 00000000 00:00 0 
7fc812d8d000-7fc812ebe000 ---p 00000000 00:00 0 
7fc812ebe000-7fc812ec5000 rw-p 00000000 00:00 0 
7fc812ec5000-7fc812ec6000 r--s 00008000 08:01 555961                     /home/openec/hadoop-3.0.0-src/hadoop-dist/target/hadoop-3.0.0/share/hadoop/common/lib/kerb-util-1.0.1.jar
7fc812ec6000-7fc812ecb000 r--s 00038000 08:01 556014                     /home/openec/hadoop-3.0.0-src/hadoop-dist/target/hadoop-3.0.0/share/hadoop/common/lib/commons-beanutils-1.9.3.jar
7fc812ecb000-7fc812ecc000 r--s 00004000 08:01 555980                     /home/openec/hadoop-3.0.0-src/hadoop-dist/target/hadoop-3.0.0/share/hadoop/common/lib/kerb-simplekdc-1.0.1.jar
7fc812ecc000-7fc812ece000 r--s 00006000 08:01 555956                     /home/openec/hadoop-3.0.0-src/hadoop-dist/target/hadoop-3.0.0/share/hadoop/common/lib/paranamer-2.3.jar
7fc812ece000-7fc812ecf000 r--s 00004000 08:01 555983                     /home/openec/hadoop-3.0.0-src/hadoop-dist/target/hadoop-3.0.0/share/hadoop/common/lib/token-provider-1.0.1.jar
7fc812ecf000-7fc812ed2000 r--s 00015000 08:01 555997                     /home/openec/hadoop-3.0.0-src/hadoop-dist/target/hadoop-3.0.0/share/hadoop/common/lib/jetty-security-9.3.19.v20170502.jar
7fc812ed2000-7fc812eda000 rw-s 00000000 08:01 418032                     /tmp/hsperfdata_openec/15024
7fc812eda000-7fc812edb000 rw-p 00000000 00:00 0 
7fc812edb000-7fc812edc000 r--p 00000000 00:00 0 
7fc812edc000-7fc812ede000 rw-p 00000000 00:00 0 
7fc812ede000-7fc812edf000 r--p 00029000 08:01 1185737                    /lib/x86_64-linux-gnu/ld-2.27.so
7fc812edf000-7fc812ee0000 rw-p 0002a000 08:01 1185737                    /lib/x86_64-linux-gnu/ld-2.27.so
7fc812ee0000-7fc812ee1000 rw-p 00000000 00:00 0 
7fffb493f000-7fffb4942000 ---p 00000000 00:00 0 
7fffb4942000-7fffb4a3f000 rw-p 00000000 00:00 0                          [stack]
7fffb4ab6000-7fffb4ab9000 r--p 00000000 00:00 0                          [vvar]
7fffb4ab9000-7fffb4aba000 r-xp 00000000 00:00 0                          [vdso]
ffffffffff600000-ffffffffff601000 --xp 00000000 00:00 0                  [vsyscall]

VM Arguments:
java_command: <unknown>
java_class_path (initial): /home/openec/hadoop-3.0.0-src/hadoop-dist/target/hadoop-3.0.0/etc/hadoop:/home/openec/hadoop-3.0.0-src/hadoop-dist/target/hadoop-3.0.0/share/hadoop/common/lib/jetty-security-9.3.19.v20170502.jar:/home/openec/hadoop-3.0.0-src/hadoop-dist/target/hadoop-3.0.0/share/hadoop/common/lib/token-provider-1.0.1.jar:/home/openec/hadoop-3.0.0-src/hadoop-dist/target/hadoop-3.0.0/share/hadoop/common/lib/paranamer-2.3.jar:/home/openec/hadoop-3.0.0-src/hadoop-dist/target/hadoop-3.0.0/share/hadoop/common/lib/kerb-simplekdc-1.0.1.jar:/home/openec/hadoop-3.0.0-src/hadoop-dist/target/hadoop-3.0.0/share/hadoop/common/lib/jersey-server-1.19.jar:/home/openec/hadoop-3.0.0-src/hadoop-dist/target/hadoop-3.0.0/share/hadoop/common/lib/curator-recipes-2.12.0.jar:/home/openec/hadoop-3.0.0-src/hadoop-dist/target/hadoop-3.0.0/share/hadoop/common/lib/zookeeper-3.4.9.jar:/home/openec/hadoop-3.0.0-src/hadoop-dist/target/hadoop-3.0.0/share/hadoop/common/lib/commons-beanutils-1.9.3.jar:/home/openec/hadoop-3.0.0-src/hadoop-dist/target/hadoop-3.0.0/share/hadoop/common/lib/kerb-crypto-1.0.1.jar:/home/openec/hadoop-3.0.0-src/hadoop-dist/target/hadoop-3.0.0/share/hadoop/common/lib/jul-to-slf4j-1.7.25.jar:/home/openec/hadoop-3.0.0-src/hadoop-dist/target/hadoop-3.0.0/share/hadoop/common/lib/jackson-core-asl-1.9.13.jar:/home/openec/hadoop-3.0.0-src/hadoop-dist/target/hadoop-3.0.0/share/hadoop/common/lib/guava-11.0.2.jar:/home/openec/hadoop-3.0.0-src/hadoop-dist/target/hadoop-3.0.0/share/hadoop/common/lib/jettison-1.1.jar:/home/openec/hadoop-3.0.0-src/hadoop-dist/target/hadoop-3.0.0/share/hadoop/common/lib/snappy-java-1.0.5.jar:/home/openec/hadoop-3.0.0-src/hadoop-dist/target/hadoop-3.0.0/share/hadoop/common/lib/javax.servlet-api-3.1.0.jar:/home/openec/hadoop-3.0.0-src/hadoop-dist/target/hadoop-3.0.0/share/hadoop/common/lib/kerb-util-1.0.1.jar:/home/openec/hadoop-3.0.0-src/hadoop-dist/target/hadoop-3.0.0/share/hadoop/common/lib/gson-2.2.4.jar:/home/openec/hadoop-3.0.0-src/hadoop-dist
Launcher Type: generic

Environment Variables:
JAVA_HOME=/usr/lib/jvm/jdk1.8.0_333
JRE_HOME=/usr/lib/jvm/jdk1.8.0_333/jre
PATH=/home/openec/hadoop-3.0.0-src/hadoop-dist/target/hadoop-3.0.0/bin:/home/openec/hadoop-3.0.0-src/hadoop-dist/target/hadoop-3.0.0/sbin:/usr/lib/jvm/jdk1.8.0_333/bin:/usr/local/ssl/bin:/usr/local/sbin:/usr/local/bin:/usr/sbin:/usr/bin:/sbin:/bin:/usr/games:/usr/local/games:/snap/bin:/usr/local/cmake/bin:/home/openec/apache-maven-3.8.5/bin
USERNAME=openec
LD_LIBRARY_PATH=/home/openec/hadoop-3.0.0-src/hadoop-dist/target/hadoop-3.0.0/lib/native:/usr/lib/jvm/jdk1.8.0_333/jre/lib/amd64/server/:/usr/local/lib:/usr/local/ssl/include/openssl:/usr/lib:/usr/local/lib:/usr/lib/pkgconfig:/usr/local/include/wx-2.8/wx:
SHELL=/bin/bash
DISPLAY=:0

Signal Handlers:
SIGSEGV: [libjvm.so+0xae0f60], sa_mask[0]=11111111011111111101111111111110, sa_flags=SA_RESTART|SA_SIGINFO
SIGBUS: [libjvm.so+0xae0f60], sa_mask[0]=11111111011111111101111111111110, sa_flags=SA_RESTART|SA_SIGINFO
SIGFPE: [libjvm.so+0xae0f60], sa_mask[0]=11111111011111111101111111111110, sa_flags=SA_RESTART|SA_SIGINFO
SIGPIPE: [libjvm.so+0x915120], sa_mask[0]=11111111011111111101111111111110, sa_flags=SA_RESTART|SA_SIGINFO
SIGXFSZ: [libjvm.so+0x915120], sa_mask[0]=11111111011111111101111111111110, sa_flags=SA_RESTART|SA_SIGINFO
SIGILL: [libjvm.so+0xae0f60], sa_mask[0]=11111111011111111101111111111110, sa_flags=SA_RESTART|SA_SIGINFO
SIGUSR1: SIG_DFL, sa_mask[0]=00000000000000000000000000000000, sa_flags=none
SIGUSR2: [libjvm.so+0x914ff0], sa_mask[0]=00000000000000000000000000000000, sa_flags=SA_RESTART|SA_SIGINFO
SIGHUP: [libjvm.so+0x915610], sa_mask[0]=11111111011111111101111111111110, sa_flags=SA_RESTART|SA_SIGINFO
SIGINT: [libjvm.so+0x915610], sa_mask[0]=11111111011111111101111111111110, sa_flags=SA_RESTART|SA_SIGINFO
SIGTERM: [libjvm.so+0x915610], sa_mask[0]=11111111011111111101111111111110, sa_flags=SA_RESTART|SA_SIGINFO
SIGQUIT: [libjvm.so+0x915610], sa_mask[0]=11111111011111111101111111111110, sa_flags=SA_RESTART|SA_SIGINFO


---------------  S Y S T E M  ---------------

OS:DISTRIB_ID=Ubuntu
DISTRIB_RELEASE=18.04
DISTRIB_CODENAME=bionic
DISTRIB_DESCRIPTION="Ubuntu 18.04.5 LTS"

uname:Linux 5.4.0-42-generic #46~18.04.1-Ubuntu SMP Fri Jul 10 07:21:24 UTC 2020 x86_64
libc:glibc 2.27 NPTL 2.27 
rlimit: STACK 8192k, CORE 0k, NPROC 15446, NOFILE 4096, AS infinity
load average:0.60 0.27 0.27

/proc/meminfo:
MemTotal:        4002268 kB
MemFree:          167136 kB
MemAvailable:     852120 kB
Buffers:           19036 kB
Cached:           886564 kB
SwapCached:          208 kB
Active:          2424828 kB
Inactive:         848420 kB
Active(anon):    2014720 kB
Inactive(anon):   414320 kB
Active(file):     410108 kB
Inactive(file):   434100 kB
Unevictable:          32 kB
Mlocked:              32 kB
SwapTotal:        969960 kB
SwapFree:         965864 kB
Dirty:                80 kB
Writeback:             0 kB
AnonPages:       2367404 kB
Mapped:           476160 kB
Shmem:             63400 kB
KReclaimable:      91352 kB
Slab:             183460 kB
SReclaimable:      91352 kB
SUnreclaim:        92108 kB
KernelStack:       17152 kB
PageTables:        55944 kB
NFS_Unstable:          0 kB
Bounce:                0 kB
WritebackTmp:          0 kB
CommitLimit:     2971092 kB
Committed_AS:    9072920 kB
VmallocTotal:   34359738367 kB
VmallocUsed:       43600 kB
VmallocChunk:          0 kB
Percpu:            47616 kB
HardwareCorrupted:     0 kB
AnonHugePages:         0 kB
ShmemHugePages:        0 kB
ShmemPmdMapped:        0 kB
FileHugePages:         0 kB
FilePmdMapped:         0 kB
CmaTotal:              0 kB
CmaFree:               0 kB
HugePages_Total:       0
HugePages_Free:        0
HugePages_Rsvd:        0
HugePages_Surp:        0
Hugepagesize:       2048 kB
Hugetlb:               0 kB
DirectMap4k:      229184 kB
DirectMap2M:     3964928 kB
DirectMap1G:     2097152 kB

container (cgroup) information:
container_type: cgroupv1
cpu_cpuset_cpus: 0-1
cpu_memory_nodes: 0
active_processor_count: 2
cpu_quota: -1
cpu_period: 100000
cpu_shares: -1
memory_limit_in_bytes: -1
memory_and_swap_limit_in_bytes: -2
memory_soft_limit_in_bytes: -1
memory_usage_in_bytes: 3351592960
memory_max_usage_in_bytes: 0


CPU:total 2 (initial active 2) (1 cores per cpu, 1 threads per core) family 6 model 167 stepping 1, cmov, cx8, fxsr, mmx, sse, sse2, sse3, ssse3, sse4.1, sse4.2, popcnt, avx, avx2, aes, clmul, erms, 3dnowpref, lzcnt, tsc, tscinvbit, bmi1, bmi2, adx

/proc/cpuinfo:
processor	: 0
vendor_id	: GenuineIntel
cpu family	: 6
model		: 167
model name	: 11th Gen Intel(R) Core(TM) i7-11700 @ 2.50GHz
stepping	: 1
microcode	: 0x50
cpu MHz		: 2496.005
cache size	: 16384 KB
physical id	: 0
siblings	: 1
core id		: 0
cpu cores	: 1
apicid		: 0
initial apicid	: 0
fpu		: yes
fpu_exception	: yes
cpuid level	: 27
wp		: yes
flags		: fpu vme de pse tsc msr pae mce cx8 apic sep mtrr pge mca cmov pat pse36 clflush mmx fxsr sse sse2 ss syscall nx pdpe1gb rdtscp lm constant_tsc arch_perfmon rep_good nopl xtopology tsc_reliable nonstop_tsc cpuid pni pclmulqdq ssse3 fma cx16 pcid sse4_1 sse4_2 x2apic movbe popcnt tsc_deadline_timer aes xsave avx f16c rdrand hypervisor lahf_lm abm 3dnowprefetch invpcid_single ssbd ibrs ibpb stibp ibrs_enhanced fsgsbase tsc_adjust bmi1 avx2 smep bmi2 erms invpcid avx512f avx512dq rdseed adx smap avx512ifma clflushopt avx512cd sha_ni avx512bw avx512vl xsaveopt xsavec xgetbv1 xsaves arat avx512vbmi umip pku ospke avx512_vbmi2 gfni vaes vpclmulqdq avx512_vnni avx512_bitalg avx512_vpopcntdq rdpid md_clear flush_l1d arch_capabilities
bugs		: spectre_v1 spectre_v2 spec_store_bypass swapgs itlb_multihit
bogomips	: 4992.01
clflush size	: 64
cache_alignment	: 64
address sizes	: 45 bits physical, 48 bits virtual
power management:

processor	: 1
vendor_id	: GenuineIntel
cpu family	: 6
model		: 167
model name	: 11th Gen Intel(R) Core(TM) i7-11700 @ 2.50GHz
stepping	: 1
microcode	: 0x50
cpu MHz		: 2496.005
cache size	: 16384 KB
physical id	: 2
siblings	: 1
core id		: 0
cpu cores	: 1
apicid		: 2
initial apicid	: 2
fpu		: yes
fpu_exception	: yes
cpuid level	: 27
wp		: yes
flags		: fpu vme de pse tsc msr pae mce cx8 apic sep mtrr pge mca cmov pat pse36 clflush mmx fxsr sse sse2 ss syscall nx pdpe1gb rdtscp lm constant_tsc arch_perfmon rep_good nopl xtopology tsc_reliable nonstop_tsc cpuid pni pclmulqdq ssse3 fma cx16 pcid sse4_1 sse4_2 x2apic movbe popcnt tsc_deadline_timer aes xsave avx f16c rdrand hypervisor lahf_lm abm 3dnowprefetch invpcid_single ssbd ibrs ibpb stibp ibrs_enhanced fsgsbase tsc_adjust bmi1 avx2 smep bmi2 erms invpcid avx512f avx512dq rdseed adx smap avx512ifma clflushopt avx512cd sha_ni avx512bw avx512vl xsaveopt xsavec xgetbv1 xsaves arat avx512vbmi umip pku ospke avx512_vbmi2 gfni vaes vpclmulqdq avx512_vnni avx512_bitalg avx512_vpopcntdq rdpid md_clear flush_l1d arch_capabilities
bugs		: spectre_v1 spectre_v2 spec_store_bypass swapgs itlb_multihit
bogomips	: 4992.01
clflush size	: 64
cache_alignment	: 64
address sizes	: 45 bits physical, 48 bits virtual
power management:



Memory: 4k page, physical 4002268k(167136k free), swap 969960k(965864k free)

vm_info: Java HotSpot(TM) 64-Bit Server VM (25.333-b02) for linux-amd64 JRE (1.8.0_333-b02), built on Apr 26 2022 05:49:04 by "java_re" with gcc 7.3.0

time: Thu Sep 15 00:39:03 2022
timezone: PDT
elapsed time: 65.587565 seconds (0d 0h 1m 5s)

