destor_server_process
destor_server_process: receive a request!
type: 0 
Init recipe store successfully
Init container store successfully
Init index module successfully
==== backup begin ====
pkt size: 1
Read 0 inherited sparse containers
append thread start
write container buffer2
push container buffer
[debug] destor in append thread, get one chunk from buffer.
write_container start
write_container wait for finish
write_container finish
write_container end
append thread end
append thread start
read phase stops successfully!
chunk phase stops successfully!
hash phase stops successfully!
dedup phase stops successfully: 1 segments of 1 chunks on average
rewrite phase stops successfully!
Record 0 sparse containers, and 0 of them are inherited
CMA: update 1 records.
filter phase stops successfully!
flushing hash table!
flushing hash table successfully!
[debug] destor in append thread, break.
append phase stops successfully!
==== backup end ====
job id: 0
backup path: /test.txt0
number of files: 1
number of chunks: 1 (205 bytes on average)
number of unique chunks: 1
total size(B): 205
stored data size(B): 205
deduplication ratio: 0.0000, 1.0000
total time(s): 0.000
throughput(MB/s): inf
number of zero chunks: 0
size of zero chunks: 0
number of rewritten chunks: 0
size of rewritten chunks: 0
rewritten rate in size: 0.000
read_time : 0.002s, 0.08MB/s
chunk_time : 0.000s, 17.77MB/s
hash_time : 0.000s, 15.04MB/s
dedup_time : 0.000s, 9.78MB/s
rewrite_time : 0.000s, 17.77MB/s
filter_time : 0.000s, 2.64MB/s
write_time : 2.139s, 0.00MB/s
1
2
