destor_server_process
destor_server_process: receive a request!
type: 0 
Init recipe store successfully
Init container store successfully
Init index module successfully
==== backup begin ====
Read 0 inherited sparse containers
pkt size: 5
write container buffer1
write container buffer2
read phase stops successfully!
chunk phase stops successfully!
hash phase stops successfully!
dedup phase stops successfully: 1 segments of 1024 chunks on average
rewrite phase stops successfully!
Record 0 sparse containers, and 0 of them are inherited
CMA: update 2 records.
filter phase stops successfully!
flushing hash table!
flushing hash table successfully!
append phase stops successfully!
==== backup end ====
job id: 0
backup path: /hadoop52
number of files: 1
number of chunks: 1024 (4878 bytes on average)
number of unique chunks: 1024
total size(B): 4995445
stored data size(B): 4995445
deduplication ratio: 0.0000, 1.0000
total time(s): 0.000
throughput(MB/s): inf
number of zero chunks: 0
size of zero chunks: 0
number of rewritten chunks: 0
size of rewritten chunks: 0
rewritten rate in size: 0.000
read_time : 0.177s, 26.95MB/s
chunk_time : 0.057s, 83.08MB/s
hash_time : 0.035s, 137.17MB/s
dedup_time : 0.000s, 9663.34MB/s
rewrite_time : 0.016s, 300.27MB/s
filter_time : 0.054s, 88.75MB/s
write_time : 0.049s, 96.89MB/s
1
2
destor_server_process
destor_server_process: receive a request!
type: 0 
Init recipe store successfully
Init container store successfully
Init index module successfully
==== backup begin ====
Read 0 inherited sparse containers
pkt size: 5
write container buffer2
read phase stops successfully!
chunk phase stops successfully!
hash phase stops successfully!
dedup phase stops successfully: 1 segments of 1024 chunks on average
rewrite phase stops successfully!
Record 1 sparse containers, and 0 of them are inherited
CMA: read 2 records.
CMA: update 3 records.
filter phase stops successfully!
flushing hash table!
flushing hash table successfully!
append phase stops successfully!
==== backup end ====
job id: 1
backup path: /hadoop62
number of files: 1
number of chunks: 1024 (4795 bytes on average)
number of unique chunks: 746
total size(B): 4910709
stored data size(B): 4096828
deduplication ratio: 0.1657, 1.1987
total time(s): 0.000
throughput(MB/s): inf
number of zero chunks: 0
size of zero chunks: 0
number of rewritten chunks: 0
size of rewritten chunks: 0
rewritten rate in size: 0.000
read_time : 0.087s, 53.69MB/s
chunk_time : 0.040s, 117.52MB/s
hash_time : 0.037s, 128.09MB/s
dedup_time : 0.001s, 5928.12MB/s
rewrite_time : 0.025s, 186.94MB/s
filter_time : 0.048s, 96.63MB/s
write_time : 0.007s, 703.40MB/s
1
2
