0 4881239 4881239 0.0000 0.0000 2 1 0 737740402 1662796046 618574 1662796051 0.93
1 4881239 0 1.0000 0.0000 2 1 0 -338815374 1662796264 680853 1662796269 0.93
2 4881239 0 1.0000 0.0000 2 1 0 1041159810 1662796611 204008 1662796616 0.93
3 4881239 0 1.0000 0.0000 2 1 0 -399997262 1662796684 34682 1662796689 0.93
4 4881239 0 1.0000 0.0000 2 1 0 1895069362 1662796721 231771 1662796726 0.93
5 4881239 0 1.0000 0.0000 2 1 0 -104151374 1662796855 956286 1662796860 0.93
6 4881239 0 1.0000 0.0000 2 1 0 -947366222 1662796877 866235 1662796882 0.93
7 4881239 0 1.0000 0.0000 2 1 0 1287059122 1662796910 122490 1662796915 0.93
8 4881239 0 1.0000 0.0000 2 1 0 -1044818254 1662796990 269852 1662796995 0.93
9 4881239 0 1.0000 0.0000 2 1 0 -1242765630 1662797396 299313 1662797401 0.93
10 4881239 0 1.0000 0.0000 2 1 0 -1021073726 1662798484 654375 1662798489 0.93
11 4881239 0 1.0000 0.0000 2 1 0 575432418 1662798551 724219 1662798556 0.93
12 4881239 0 1.0000 0.0000 2 1 0 -48187646 1662798595 536217 1662798600 0.93
13 4881239 0 1.0000 0.0000 2 1 0 -859027710 1662798624 603910 1662798629 0.93
14 4881239 0 1.0000 0.0000 2 1 0 1393354498 1662799784 932140 1662799789 0.93
0 205 205 0.0000 0.0000 1 1 0 -1830472036 8 10 1669114654 inf
0 205 205 0.0000 0.0000 1 1 0 208422556 8 10 1669172690 inf
0 205 205 0.0000 0.0000 1 1 0 1997444764 8 10 1669173750 inf
1 205 205 1.0000 0.0000 1 1 0 -1426950500 8 11 1669174036 inf
2 205 205 1.0000 0.0000 1 1 0 1976534684 8 11 1669178097 inf
3 205 205 1.0000 0.0000 1 1 0 -253376868 8 10 1669178171 inf
4 205 205 1.0000 0.0000 1 1 0 548087452 8 10 1669178191 inf
0 205 205 0.0000 0.0000 1 1 0 1197033116 8 10 1669181103 inf
1 205 205 1.0000 0.0000 1 1 0 -1236138340 8 6 1669182716 inf
2 205 205 1.0000 0.0000 1 1 0 -86587748 8 6 1669182781 inf
0 82 82 0.0000 0.0000 1 1 0 -1977358692 8 6 1669184310 inf
1 85 167 0.0000 0.0000 1 1 0 -1169869156 8 6 1669184608 inf
0 4522851 4520701 0.0005 0.0000 2 1 0 -978733412 8 6 1669362265 inf
1 4722234 9242935 0.0000 0.0000 2 1 0 1944843932 8 6 1669362270 inf
2 4506215 13717143 0.0071 0.0000 3 2 0 1130686108 8 6 1669362275 inf
3 4851639 18542242 0.0055 0.0000 4 3 1 547960476 8 6 1669362280 inf
4 4704377 23226535 0.0043 0.0000 3 2 1 -1743997284 8 6 1669362285 inf
5 4777952 27938178 0.0139 0.0000 5 4 1 2133669532 8 6 1669362291 inf
6 4669990 32585156 0.0049 0.0000 5 4 2 30787228 8 6 1669362296 inf
7 4489144 37053108 0.0047 0.0000 4 3 1 449537692 8 6 1669362301 inf
8 4479822 41523943 0.0020 0.0000 3 2 1 -337754468 8 6 1669362306 inf
9 4691829 46212998 0.0006 0.0000 2 1 0 -757811556 8 6 1669362311 inf
10 4882374 51062096 0.0068 0.0000 4 3 0 261129884 8 7 1669362316 inf
11 2461177 53523273 0.0000 0.0000 1 0 0 -462612836 8 7 1669362321 inf
12 4626716 56874096 0.2758 0.0000 3 2 0 -778045796 8 6 1669362408 inf
13 4671205 60968957 0.1234 0.0000 4 3 0 -549296484 8 6 1669362413 inf
14 4536143 64403478 0.2429 0.0000 5 4 1 -388626788 8 6 1669362418 inf
15 4724966 68285881 0.1783 0.0000 5 4 2 1910773404 8 6 1669362423 inf
16 4856932 71937620 0.2481 0.0000 6 5 1 1161459356 8 6 1669362428 inf
17 4762039 75045720 0.3473 0.0000 6 5 2 2085303964 8 6 1669362433 inf
18 4638703 78801976 0.1902 0.0000 7 6 3 462890652 8 6 1669362438 inf
19 4554329 82172737 0.2599 0.0000 6 5 2 1316701852 8 6 1669362443 inf
20 4511848 85466082 0.2701 0.0000 5 4 2 944080540 8 6 1669362448 inf
21 4730113 87225042 0.6281 0.0000 4 3 0 -721946980 8 6 1669362453 inf
22 5177386 90822746 0.3051 0.0000 4 3 1 1102775964 8 7 1669362458 inf
23 1978673 92801419 0.0000 0.0000 1 1 0 1896629916 8 7 1669362463 inf
24 4473316 96003406 0.2842 0.0000 3 2 0 -883190116 8 6 1669366159 inf
25 4743673 100172227 0.1212 0.0000 6 5 1 1927415452 8 6 1669366164 inf
26 4503647 103610008 0.2367 0.0000 6 5 2 1595123356 8 6 1669366169 inf
27 4861987 107584600 0.1825 0.0000 8 7 2 718841500 8 6 1669366174 inf
28 4630908 111211029 0.2169 0.0000 6 5 1 1822770844 8 6 1669366179 inf
29 4770504 114150818 0.3838 0.0000 7 6 1 -701004132 8 6 1669366184 inf
30 4675339 117925340 0.1927 0.0000 7 6 2 -847817060 8 6 1669366189 inf
31 4591139 121335527 0.2572 0.0000 7 6 2 1193551516 8 6 1669366194 inf
32 4487451 124612373 0.2698 0.0000 8 7 3 599246492 8 6 1669366199 inf
33 4723060 126476813 0.6052 0.0000 5 4 0 -1457252708 8 6 1669366204 inf
34 4756746 129498648 0.3647 0.0000 4 3 1 1308554908 8 7 1669366209 inf
35 2555374 132054022 0.0000 0.0000 1 0 0 -988404068 8 7 1669366215 inf
36 4566084 135349665 0.2782 0.0000 4 3 0 1784845980 8 6 1669366773 inf
37 4778181 139539585 0.1231 0.0000 6 5 0 -1321081188 8 6 1669366779 inf
38 4593604 143031337 0.2399 0.0000 6 5 1 -635705700 8 6 1669366784 inf
39 4951911 147143069 0.1697 0.0000 8 7 2 2117523100 8 6 1669366789 inf
40 4747441 150486635 0.2957 0.0000 6 5 2 -1170684260 8 6 1669366794 inf
41 4844312 153753396 0.3257 0.0000 8 7 1 1142515356 8 6 1669366799 inf
42 4564391 157556775 0.1667 0.0000 7 6 3 128763548 8 6 1669366804 inf
43 4509507 160838344 0.2723 0.0000 7 6 2 -856480100 8 6 1669366809 inf
44 4564918 164114263 0.2824 0.0000 7 6 2 -580602212 8 6 1669366814 inf
45 4803220 165772531 0.6548 0.0000 5 4 0 1687414428 8 6 1669366819 inf
46 5143208 169609960 0.2539 0.0000 4 3 0 920663708 8 7 1669366824 inf
47 1711376 171321336 0.0000 0.0000 1 1 0 -2120137060 8 7 1669366829 inf
48 4444566 175108833 0.1478 0.0000 2 1 0 -196118884 8 6 1669367022 inf
49 4444566 175108833 1.0000 0.0000 2 1 0 1972119196 8 6 1669368385 inf
50 4566084 175108833 1.0000 0.0000 4 3 0 1270269596 8 6 1669368490 inf
51 4778181 175108833 1.0000 0.0000 6 5 0 -451705188 8 6 1669368495 inf
52 4593604 175108833 1.0000 0.0000 6 5 1 -836577636 8 6 1669368500 inf
53 4951911 175108833 1.0000 0.0000 8 7 2 -639826276 8 6 1669368506 inf
54 4747441 175108833 1.0000 0.0000 6 5 2 976283292 8 6 1669368511 inf
55 4844312 175108833 1.0000 0.0000 8 7 1 -2003429732 8 6 1669368516 inf
56 4564391 175108833 1.0000 0.0000 7 6 3 1400125084 8 6 1669368521 inf
57 4509507 175108833 1.0000 0.0000 7 6 2 -1421437284 8 6 1669368526 inf
58 4564918 175108833 1.0000 0.0000 7 6 2 -1726941540 8 6 1669368531 inf
59 4803220 175108833 1.0000 0.0000 5 4 0 -353945956 8 6 1669368536 inf
60 5143208 175108833 1.0000 0.0000 4 3 0 369198748 8 7 1669368541 inf
61 1711376 175108833 1.0000 0.0000 1 1 0 -1588533604 8 7 1669368546 inf
62 4425416 177893278 0.3708 0.0000 3 2 0 -307980644 8 6 1669368778 inf
0 4522851 4520701 0.0005 0.0000 2 1 0 1517536924 8 6 1669369843 inf
1 4722234 9242935 0.0000 0.0000 2 1 0 932423324 8 6 1669369848 inf
2 4506215 13717143 0.0071 0.0000 3 2 0 811759260 8 6 1669369853 inf
3 4851639 18542242 0.0055 0.0000 4 3 1 -926067044 8 6 1669369858 inf
4 4704377 23226535 0.0043 0.0000 3 2 1 940148380 8 6 1669369864 inf
5 4777952 27938178 0.0139 0.0000 5 4 1 -1453898084 8 6 1669369869 inf
